#
# There is insufficient memory for the Java Runtime Environment to continue.
# Native memory allocation (mmap) failed to map 65536 bytes for Failed to commit metaspace.
# Possible reasons:
#   The system is out of physical RAM or swap space
#   The process is running with CompressedOops enabled, and the Java Heap may be blocking the growth of the native heap
# Possible solutions:
#   Reduce memory load on the system
#   Increase physical memory or swap space
#   Check if swap backing store is full
#   Decrease Java heap size (-Xmx/-Xms)
#   Decrease number of Java threads
#   Decrease Java thread stack sizes (-Xss)
#   Set larger code cache with -XX:ReservedCodeCacheSize=
#   JVM is running with Unscaled Compressed Oops mode in which the Java heap is
#     placed in the first 4GB address space. The Java Heap base address is the
#     maximum limit for the native heap growth. Please use -XX:HeapBaseMinAddress
#     to set the Java Heap base and to place the Java Heap above 4GB virtual address.
# This output file may be truncated or incomplete.
#
#  Out of Memory Error (virtualSpaceNode.cpp:110), pid=18384, tid=29704
#
# JRE version: OpenJDK Runtime Environment Temurin-17.0.3+7 (17.0.3+7) (build 17.0.3+7)
# Java VM: OpenJDK 64-Bit Server VM Temurin-17.0.3+7 (17.0.3+7, mixed mode, tiered, compressed oops, compressed class ptrs, g1 gc, windows-amd64)
# No core dump will be written. Minidumps are not enabled by default on client versions of Windows
#

---------------  S U M M A R Y ------------

Command Line: -Dfile.encoding=UTF-8 -XX:+ShowCodeDetailsInExceptionMessages com.example.demo.DemoApplication

Host: Intel(R) Core(TM) i5-1035G1 CPU @ 1.00GHz, 8 cores, 7G,  Windows 10 , 64 bit Build 19041 (10.0.19041.1889)
Time: Tue Sep 27 18:06:52 2022 India Standard Time elapsed time: 0.474758 seconds (0d 0h 0m 0s)

---------------  T H R E A D  ---------------

Current thread (0x000001ce12d5b3a0):  JavaThread "main" [_thread_in_vm, id=29704, stack(0x0000009d18100000,0x0000009d18200000)]

Stack: [0x0000009d18100000,0x0000009d18200000]
Native frames: (J=compiled Java code, j=interpreted, Vv=VM code, C=native code)
V  [jvm.dll+0x675efa]
V  [jvm.dll+0x830a24]
V  [jvm.dll+0x8321ce]
V  [jvm.dll+0x832833]
V  [jvm.dll+0x2454b5]
V  [jvm.dll+0x82c9cb]
V  [jvm.dll+0x61ab26]
V  [jvm.dll+0x61ab8a]
V  [jvm.dll+0x61d3aa]
V  [jvm.dll+0x61b4c6]
V  [jvm.dll+0x239a1f]
V  [jvm.dll+0x6252d5]
V  [jvm.dll+0x1ea19b]
V  [jvm.dll+0x1ea6d5]
V  [jvm.dll+0x1eb10f]
V  [jvm.dll+0x1e05b1]
V  [jvm.dll+0x53bb80]
V  [jvm.dll+0x1f0da7]
V  [jvm.dll+0x7aae5b]
V  [jvm.dll+0x7ac202]
V  [jvm.dll+0x7ac538]
V  [jvm.dll+0x23d79e]
V  [jvm.dll+0x23d9ef]
V  [jvm.dll+0x559208]
V  [jvm.dll+0x55c070]
V  [jvm.dll+0x382dc7]
V  [jvm.dll+0x38241f]
C  0x000001ce1851a582

Java frames: (J=compiled Java code, j=interpreted, Vv=VM code)
j  java.util.Arrays.sort([Ljava/lang/Object;II)V+28 java.base@17.0.3
j  java.util.Arrays.sort([Ljava/lang/Object;IILjava/util/Comparator;)V+7 java.base@17.0.3
j  java.util.ArrayList.sort(Ljava/util/Comparator;)V+15 java.base@17.0.3
j  java.util.Collections.sort(Ljava/util/List;)V+2 java.base@17.0.3
j  java.net.URLPermission.init(Ljava/lang/String;)V+96 java.base@17.0.3
j  java.net.URLPermission.<init>(Ljava/lang/String;Ljava/lang/String;)V+10 java.base@17.0.3
v  ~StubRoutines::call_stub
j  jdk.internal.reflect.NativeConstructorAccessorImpl.newInstance0(Ljava/lang/reflect/Constructor;[Ljava/lang/Object;)Ljava/lang/Object;+0 java.base@17.0.3
j  jdk.internal.reflect.NativeConstructorAccessorImpl.newInstance([Ljava/lang/Object;)Ljava/lang/Object;+118 java.base@17.0.3
j  jdk.internal.reflect.DelegatingConstructorAccessorImpl.newInstance([Ljava/lang/Object;)Ljava/lang/Object;+5 java.base@17.0.3
j  java.lang.reflect.Constructor.newInstanceWithCaller([Ljava/lang/Object;ZLjava/lang/Class;)Ljava/lang/Object;+65 java.base@17.0.3
j  java.lang.reflect.Constructor.newInstance([Ljava/lang/Object;)Ljava/lang/Object;+30 java.base@17.0.3
j  sun.security.provider.PolicyFile.getInstance(Ljava/lang/String;Ljava/lang/String;Ljava/lang/String;)Ljava/security/Permission;+240 java.base@17.0.3
j  sun.security.provider.PolicyFile.addGrantEntry(Lsun/security/provider/PolicyParser$GrantEntry;Ljava/security/KeyStore;Lsun/security/provider/PolicyFile$PolicyInfo;)V+388 java.base@17.0.3
j  sun.security.provider.PolicyFile.initDefaultPolicy(Lsun/security/provider/PolicyFile$PolicyInfo;)V+118 java.base@17.0.3
j  sun.security.provider.PolicyFile$2.run()Ljava/lang/Void;+8 java.base@17.0.3
j  sun.security.provider.PolicyFile$2.run()Ljava/lang/Object;+1 java.base@17.0.3
j  java.security.AccessController.executePrivileged(Ljava/security/PrivilegedAction;Ljava/security/AccessControlContext;Ljava/lang/Class;)Ljava/lang/Object;+29 java.base@17.0.3
j  java.security.AccessController.doPrivileged(Ljava/security/PrivilegedAction;)Ljava/lang/Object;+5 java.base@17.0.3
j  sun.security.provider.PolicyFile.initPolicyFile(Lsun/security/provider/PolicyFile$PolicyInfo;Ljava/net/URL;)V+9 java.base@17.0.3
j  sun.security.provider.PolicyFile.init(Ljava/net/URL;)V+50 java.base@17.0.3
j  sun.security.provider.PolicyFile.<init>()V+24 java.base@17.0.3
j  java.security.Policy.loadPolicyProvider()Ljava/security/Policy;+38 java.base@17.0.3
j  java.security.Policy.getPolicyNoCheck()Ljava/security/Policy;+34 java.base@17.0.3
j  java.security.ProtectionDomain.implies(Ljava/security/Permission;)Z+16 java.base@17.0.3
j  java.security.ProtectionDomain.impliesWithAltFilePerm(Ljava/security/Permission;)Z+23 java.base@17.0.3
j  java.security.AccessControlContext.checkPermission(Ljava/security/Permission;)V+323 java.base@17.0.3
j  java.security.AccessController.checkPermission(Ljava/security/Permission;)V+161 java.base@17.0.3
j  ch.qos.logback.core.util.Loader$1.run()Ljava/lang/Boolean;+9
j  ch.qos.logback.core.util.Loader$1.run()Ljava/lang/Object;+1
j  java.security.AccessController.executePrivileged(Ljava/security/PrivilegedAction;Ljava/security/AccessControlContext;Ljava/lang/Class;)Ljava/lang/Object;+29 java.base@17.0.3
j  java.security.AccessController.doPrivileged(Ljava/security/PrivilegedAction;)Ljava/lang/Object;+5 java.base@17.0.3
j  ch.qos.logback.core.util.Loader.<clinit>()V+34
v  ~StubRoutines::call_stub
j  ch.qos.logback.classic.util.ContextInitializer.findURLOfDefaultConfigurationFile(Z)Ljava/net/URL;+1
j  ch.qos.logback.classic.util.ContextInitializer.autoConfig()V+9
j  org.slf4j.impl.StaticLoggerBinder.init()V+11
j  org.slf4j.impl.StaticLoggerBinder.<clinit>()V+28
v  ~StubRoutines::call_stub
j  org.slf4j.LoggerFactory.bind()V+16
j  org.slf4j.LoggerFactory.performInitialization()V+0
j  org.slf4j.LoggerFactory.getILoggerFactory()Lorg/slf4j/ILoggerFactory;+21
j  org.slf4j.LoggerFactory.getLogger(Ljava/lang/String;)Lorg/slf4j/Logger;+0
j  org.apache.commons.logging.LogAdapter$Slf4jAdapter.createLocationAwareLog(Ljava/lang/String;)Lorg/apache/commons/logging/Log;+1
j  org.apache.commons.logging.LogAdapter.createLog(Ljava/lang/String;)Lorg/apache/commons/logging/Log;+42
j  org.apache.commons.logging.LogFactory.getLog(Ljava/lang/String;)Lorg/apache/commons/logging/Log;+1
j  org.apache.commons.logging.LogFactory.getLog(Ljava/lang/Class;)Lorg/apache/commons/logging/Log;+4
j  org.springframework.boot.SpringApplication.<clinit>()V+2
v  ~StubRoutines::call_stub
j  com.example.demo.DemoApplication.main([Ljava/lang/String;)V+3
v  ~StubRoutines::call_stub

---------------  P R O C E S S  ---------------

Threads class SMR info:
_java_thread_list=0x000001ce2f966600, length=12, elements={
0x000001ce12d5b3a0, 0x000001ce2ebc2210, 0x000001ce2ebc2bc0, 0x000001ce2ebe3850,
0x000001ce2ebe4200, 0x000001ce2f81c010, 0x000001ce2f81fdd0, 0x000001ce2f8219f0,
0x000001ce2f8223e0, 0x000001ce2f836970, 0x000001ce2f985300, 0x000001ce2f998830
}

Java Threads: ( => current thread )
=>0x000001ce12d5b3a0 JavaThread "main" [_thread_in_vm, id=29704, stack(0x0000009d18100000,0x0000009d18200000)]
  0x000001ce2ebc2210 JavaThread "Reference Handler" daemon [_thread_blocked, id=24452, stack(0x0000009d18800000,0x0000009d18900000)]
  0x000001ce2ebc2bc0 JavaThread "Finalizer" daemon [_thread_blocked, id=27516, stack(0x0000009d18900000,0x0000009d18a00000)]
  0x000001ce2ebe3850 JavaThread "Signal Dispatcher" daemon [_thread_blocked, id=27688, stack(0x0000009d18a00000,0x0000009d18b00000)]
  0x000001ce2ebe4200 JavaThread "Attach Listener" daemon [_thread_blocked, id=15848, stack(0x0000009d18b00000,0x0000009d18c00000)]
  0x000001ce2f81c010 JavaThread "Service Thread" daemon [_thread_blocked, id=30256, stack(0x0000009d18c00000,0x0000009d18d00000)]
  0x000001ce2f81fdd0 JavaThread "Monitor Deflation Thread" daemon [_thread_blocked, id=22120, stack(0x0000009d18d00000,0x0000009d18e00000)]
  0x000001ce2f8219f0 JavaThread "C2 CompilerThread0" daemon [_thread_blocked, id=6648, stack(0x0000009d18e00000,0x0000009d18f00000)]
  0x000001ce2f8223e0 JavaThread "C1 CompilerThread0" daemon [_thread_blocked, id=28100, stack(0x0000009d18f00000,0x0000009d19000000)]
  0x000001ce2f836970 JavaThread "Sweeper thread" daemon [_thread_blocked, id=27404, stack(0x0000009d19000000,0x0000009d19100000)]
  0x000001ce2f985300 JavaThread "Notification Thread" daemon [_thread_blocked, id=28520, stack(0x0000009d19100000,0x0000009d19200000)]
  0x000001ce2f998830 JavaThread "Common-Cleaner" daemon [_thread_blocked, id=15012, stack(0x0000009d19300000,0x0000009d19400000)]

Other Threads:
  0x000001ce2ebbcda0 VMThread "VM Thread" [stack: 0x0000009d18700000,0x0000009d18800000] [id=13928]
  0x000001ce14eb3ca0 WatcherThread [stack: 0x0000009d19200000,0x0000009d19300000] [id=29520]
  0x000001ce14e99830 GCTaskThread "GC Thread#0" [stack: 0x0000009d18200000,0x0000009d18300000] [id=10620]
  0x000001ce14eaa590 ConcurrentGCThread "G1 Main Marker" [stack: 0x0000009d18300000,0x0000009d18400000] [id=24772]
  0x000001ce14eabfb0 ConcurrentGCThread "G1 Conc#0" [stack: 0x0000009d18400000,0x0000009d18500000] [id=22148]
  0x000001ce14f15de0 ConcurrentGCThread "G1 Refine#0" [stack: 0x0000009d18500000,0x0000009d18600000] [id=1372]
  0x000001ce14f16800 ConcurrentGCThread "G1 Service" [stack: 0x0000009d18600000,0x0000009d18700000] [id=27376]

Threads with active compile tasks:

VM state: not at safepoint (normal execution)

VM Mutex/Monitor currently owned by a thread:  ([mutex/lock_event])
[0x000001ce14e3ec10] Metaspace_lock - owner thread: 0x000001ce12d5b3a0

Heap address: 0x0000000084c00000, size: 1972 MB, Compressed Oops mode: 32-bit

CDS archive(s) not mapped
Compressed class space mapped at: 0x0000000100000000-0x0000000140000000, reserved size: 1073741824
Narrow klass base: 0x0000000000000000, Narrow klass shift: 3, Narrow klass range: 0x140000000

GC Precious Log:
 CPUs: 8 total, 8 available
 Memory: 7880M
 Large Page Support: Disabled
 NUMA Support: Disabled
 Compressed Oops: Enabled (32-bit)
 Heap Region Size: 1M
 Heap Min Capacity: 8M
 Heap Initial Capacity: 124M
 Heap Max Capacity: 1972M
 Pre-touch: Disabled
 Parallel Workers: 8
 Concurrent Workers: 2
 Concurrent Refinement Workers: 8
 Periodic GC: Disabled

Heap:
 garbage-first heap   total 126976K, used 3072K [0x0000000084c00000, 0x0000000100000000)
  region size 1024K, 5 young (5120K), 0 survivors (0K)
 Metaspace       used 6123K, committed 6208K, reserved 1056768K
  class space    used 525K, committed 576K, reserved 1048576K

Heap Regions: E=young(eden), S=young(survivor), O=old, HS=humongous(starts), HC=humongous(continues), CS=collection set, F=free, OA=open archive, CA=closed archive, TAMS=top-at-mark-start (previous, next)
|   0|0x0000000084c00000, 0x0000000084c00000, 0x0000000084d00000|  0%| F|  |TAMS 0x0000000084c00000, 0x0000000084c00000| Untracked 
|   1|0x0000000084d00000, 0x0000000084d00000, 0x0000000084e00000|  0%| F|  |TAMS 0x0000000084d00000, 0x0000000084d00000| Untracked 
|   2|0x0000000084e00000, 0x0000000084e00000, 0x0000000084f00000|  0%| F|  |TAMS 0x0000000084e00000, 0x0000000084e00000| Untracked 
|   3|0x0000000084f00000, 0x0000000084f00000, 0x0000000085000000|  0%| F|  |TAMS 0x0000000084f00000, 0x0000000084f00000| Untracked 
|   4|0x0000000085000000, 0x0000000085000000, 0x0000000085100000|  0%| F|  |TAMS 0x0000000085000000, 0x0000000085000000| Untracked 
|   5|0x0000000085100000, 0x0000000085100000, 0x0000000085200000|  0%| F|  |TAMS 0x0000000085100000, 0x0000000085100000| Untracked 
|   6|0x0000000085200000, 0x0000000085200000, 0x0000000085300000|  0%| F|  |TAMS 0x0000000085200000, 0x0000000085200000| Untracked 
|   7|0x0000000085300000, 0x0000000085300000, 0x0000000085400000|  0%| F|  |TAMS 0x0000000085300000, 0x0000000085300000| Untracked 
|   8|0x0000000085400000, 0x0000000085400000, 0x0000000085500000|  0%| F|  |TAMS 0x0000000085400000, 0x0000000085400000| Untracked 
|   9|0x0000000085500000, 0x0000000085500000, 0x0000000085600000|  0%| F|  |TAMS 0x0000000085500000, 0x0000000085500000| Untracked 
|  10|0x0000000085600000, 0x0000000085600000, 0x0000000085700000|  0%| F|  |TAMS 0x0000000085600000, 0x0000000085600000| Untracked 
|  11|0x0000000085700000, 0x0000000085700000, 0x0000000085800000|  0%| F|  |TAMS 0x0000000085700000, 0x0000000085700000| Untracked 
|  12|0x0000000085800000, 0x0000000085800000, 0x0000000085900000|  0%| F|  |TAMS 0x0000000085800000, 0x0000000085800000| Untracked 
|  13|0x0000000085900000, 0x0000000085900000, 0x0000000085a00000|  0%| F|  |TAMS 0x0000000085900000, 0x0000000085900000| Untracked 
|  14|0x0000000085a00000, 0x0000000085a00000, 0x0000000085b00000|  0%| F|  |TAMS 0x0000000085a00000, 0x0000000085a00000| Untracked 
|  15|0x0000000085b00000, 0x0000000085b00000, 0x0000000085c00000|  0%| F|  |TAMS 0x0000000085b00000, 0x0000000085b00000| Untracked 
|  16|0x0000000085c00000, 0x0000000085c00000, 0x0000000085d00000|  0%| F|  |TAMS 0x0000000085c00000, 0x0000000085c00000| Untracked 
|  17|0x0000000085d00000, 0x0000000085d00000, 0x0000000085e00000|  0%| F|  |TAMS 0x0000000085d00000, 0x0000000085d00000| Untracked 
|  18|0x0000000085e00000, 0x0000000085e00000, 0x0000000085f00000|  0%| F|  |TAMS 0x0000000085e00000, 0x0000000085e00000| Untracked 
|  19|0x0000000085f00000, 0x0000000085f00000, 0x0000000086000000|  0%| F|  |TAMS 0x0000000085f00000, 0x0000000085f00000| Untracked 
|  20|0x0000000086000000, 0x0000000086000000, 0x0000000086100000|  0%| F|  |TAMS 0x0000000086000000, 0x0000000086000000| Untracked 
|  21|0x0000000086100000, 0x0000000086100000, 0x0000000086200000|  0%| F|  |TAMS 0x0000000086100000, 0x0000000086100000| Untracked 
|  22|0x0000000086200000, 0x0000000086200000, 0x0000000086300000|  0%| F|  |TAMS 0x0000000086200000, 0x0000000086200000| Untracked 
|  23|0x0000000086300000, 0x0000000086300000, 0x0000000086400000|  0%| F|  |TAMS 0x0000000086300000, 0x0000000086300000| Untracked 
|  24|0x0000000086400000, 0x0000000086400000, 0x0000000086500000|  0%| F|  |TAMS 0x0000000086400000, 0x0000000086400000| Untracked 
|  25|0x0000000086500000, 0x0000000086500000, 0x0000000086600000|  0%| F|  |TAMS 0x0000000086500000, 0x0000000086500000| Untracked 
|  26|0x0000000086600000, 0x0000000086600000, 0x0000000086700000|  0%| F|  |TAMS 0x0000000086600000, 0x0000000086600000| Untracked 
|  27|0x0000000086700000, 0x0000000086700000, 0x0000000086800000|  0%| F|  |TAMS 0x0000000086700000, 0x0000000086700000| Untracked 
|  28|0x0000000086800000, 0x0000000086800000, 0x0000000086900000|  0%| F|  |TAMS 0x0000000086800000, 0x0000000086800000| Untracked 
|  29|0x0000000086900000, 0x0000000086900000, 0x0000000086a00000|  0%| F|  |TAMS 0x0000000086900000, 0x0000000086900000| Untracked 
|  30|0x0000000086a00000, 0x0000000086a00000, 0x0000000086b00000|  0%| F|  |TAMS 0x0000000086a00000, 0x0000000086a00000| Untracked 
|  31|0x0000000086b00000, 0x0000000086b00000, 0x0000000086c00000|  0%| F|  |TAMS 0x0000000086b00000, 0x0000000086b00000| Untracked 
|  32|0x0000000086c00000, 0x0000000086c00000, 0x0000000086d00000|  0%| F|  |TAMS 0x0000000086c00000, 0x0000000086c00000| Untracked 
|  33|0x0000000086d00000, 0x0000000086d00000, 0x0000000086e00000|  0%| F|  |TAMS 0x0000000086d00000, 0x0000000086d00000| Untracked 
|  34|0x0000000086e00000, 0x0000000086e00000, 0x0000000086f00000|  0%| F|  |TAMS 0x0000000086e00000, 0x0000000086e00000| Untracked 
|  35|0x0000000086f00000, 0x0000000086f00000, 0x0000000087000000|  0%| F|  |TAMS 0x0000000086f00000, 0x0000000086f00000| Untracked 
|  36|0x0000000087000000, 0x0000000087000000, 0x0000000087100000|  0%| F|  |TAMS 0x0000000087000000, 0x0000000087000000| Untracked 
|  37|0x0000000087100000, 0x0000000087100000, 0x0000000087200000|  0%| F|  |TAMS 0x0000000087100000, 0x0000000087100000| Untracked 
|  38|0x0000000087200000, 0x0000000087200000, 0x0000000087300000|  0%| F|  |TAMS 0x0000000087200000, 0x0000000087200000| Untracked 
|  39|0x0000000087300000, 0x0000000087300000, 0x0000000087400000|  0%| F|  |TAMS 0x0000000087300000, 0x0000000087300000| Untracked 
|  40|0x0000000087400000, 0x0000000087400000, 0x0000000087500000|  0%| F|  |TAMS 0x0000000087400000, 0x0000000087400000| Untracked 
|  41|0x0000000087500000, 0x0000000087500000, 0x0000000087600000|  0%| F|  |TAMS 0x0000000087500000, 0x0000000087500000| Untracked 
|  42|0x0000000087600000, 0x0000000087600000, 0x0000000087700000|  0%| F|  |TAMS 0x0000000087600000, 0x0000000087600000| Untracked 
|  43|0x0000000087700000, 0x0000000087700000, 0x0000000087800000|  0%| F|  |TAMS 0x0000000087700000, 0x0000000087700000| Untracked 
|  44|0x0000000087800000, 0x0000000087800000, 0x0000000087900000|  0%| F|  |TAMS 0x0000000087800000, 0x0000000087800000| Untracked 
|  45|0x0000000087900000, 0x0000000087900000, 0x0000000087a00000|  0%| F|  |TAMS 0x0000000087900000, 0x0000000087900000| Untracked 
|  46|0x0000000087a00000, 0x0000000087a00000, 0x0000000087b00000|  0%| F|  |TAMS 0x0000000087a00000, 0x0000000087a00000| Untracked 
|  47|0x0000000087b00000, 0x0000000087b00000, 0x0000000087c00000|  0%| F|  |TAMS 0x0000000087b00000, 0x0000000087b00000| Untracked 
|  48|0x0000000087c00000, 0x0000000087c00000, 0x0000000087d00000|  0%| F|  |TAMS 0x0000000087c00000, 0x0000000087c00000| Untracked 
|  49|0x0000000087d00000, 0x0000000087d00000, 0x0000000087e00000|  0%| F|  |TAMS 0x0000000087d00000, 0x0000000087d00000| Untracked 
|  50|0x0000000087e00000, 0x0000000087e00000, 0x0000000087f00000|  0%| F|  |TAMS 0x0000000087e00000, 0x0000000087e00000| Untracked 
|  51|0x0000000087f00000, 0x0000000087f00000, 0x0000000088000000|  0%| F|  |TAMS 0x0000000087f00000, 0x0000000087f00000| Untracked 
|  52|0x0000000088000000, 0x0000000088000000, 0x0000000088100000|  0%| F|  |TAMS 0x0000000088000000, 0x0000000088000000| Untracked 
|  53|0x0000000088100000, 0x0000000088100000, 0x0000000088200000|  0%| F|  |TAMS 0x0000000088100000, 0x0000000088100000| Untracked 
|  54|0x0000000088200000, 0x0000000088200000, 0x0000000088300000|  0%| F|  |TAMS 0x0000000088200000, 0x0000000088200000| Untracked 
|  55|0x0000000088300000, 0x0000000088300000, 0x0000000088400000|  0%| F|  |TAMS 0x0000000088300000, 0x0000000088300000| Untracked 
|  56|0x0000000088400000, 0x0000000088400000, 0x0000000088500000|  0%| F|  |TAMS 0x0000000088400000, 0x0000000088400000| Untracked 
|  57|0x0000000088500000, 0x0000000088500000, 0x0000000088600000|  0%| F|  |TAMS 0x0000000088500000, 0x0000000088500000| Untracked 
|  58|0x0000000088600000, 0x0000000088600000, 0x0000000088700000|  0%| F|  |TAMS 0x0000000088600000, 0x0000000088600000| Untracked 
|  59|0x0000000088700000, 0x0000000088700000, 0x0000000088800000|  0%| F|  |TAMS 0x0000000088700000, 0x0000000088700000| Untracked 
|  60|0x0000000088800000, 0x0000000088800000, 0x0000000088900000|  0%| F|  |TAMS 0x0000000088800000, 0x0000000088800000| Untracked 
|  61|0x0000000088900000, 0x0000000088900000, 0x0000000088a00000|  0%| F|  |TAMS 0x0000000088900000, 0x0000000088900000| Untracked 
|  62|0x0000000088a00000, 0x0000000088a00000, 0x0000000088b00000|  0%| F|  |TAMS 0x0000000088a00000, 0x0000000088a00000| Untracked 
|  63|0x0000000088b00000, 0x0000000088b00000, 0x0000000088c00000|  0%| F|  |TAMS 0x0000000088b00000, 0x0000000088b00000| Untracked 
|  64|0x0000000088c00000, 0x0000000088c00000, 0x0000000088d00000|  0%| F|  |TAMS 0x0000000088c00000, 0x0000000088c00000| Untracked 
|  65|0x0000000088d00000, 0x0000000088d00000, 0x0000000088e00000|  0%| F|  |TAMS 0x0000000088d00000, 0x0000000088d00000| Untracked 
|  66|0x0000000088e00000, 0x0000000088e00000, 0x0000000088f00000|  0%| F|  |TAMS 0x0000000088e00000, 0x0000000088e00000| Untracked 
|  67|0x0000000088f00000, 0x0000000088f00000, 0x0000000089000000|  0%| F|  |TAMS 0x0000000088f00000, 0x0000000088f00000| Untracked 
|  68|0x0000000089000000, 0x0000000089000000, 0x0000000089100000|  0%| F|  |TAMS 0x0000000089000000, 0x0000000089000000| Untracked 
|  69|0x0000000089100000, 0x0000000089100000, 0x0000000089200000|  0%| F|  |TAMS 0x0000000089100000, 0x0000000089100000| Untracked 
|  70|0x0000000089200000, 0x0000000089200000, 0x0000000089300000|  0%| F|  |TAMS 0x0000000089200000, 0x0000000089200000| Untracked 
|  71|0x0000000089300000, 0x0000000089300000, 0x0000000089400000|  0%| F|  |TAMS 0x0000000089300000, 0x0000000089300000| Untracked 
|  72|0x0000000089400000, 0x0000000089400000, 0x0000000089500000|  0%| F|  |TAMS 0x0000000089400000, 0x0000000089400000| Untracked 
|  73|0x0000000089500000, 0x0000000089500000, 0x0000000089600000|  0%| F|  |TAMS 0x0000000089500000, 0x0000000089500000| Untracked 
|  74|0x0000000089600000, 0x0000000089600000, 0x0000000089700000|  0%| F|  |TAMS 0x0000000089600000, 0x0000000089600000| Untracked 
|  75|0x0000000089700000, 0x0000000089700000, 0x0000000089800000|  0%| F|  |TAMS 0x0000000089700000, 0x0000000089700000| Untracked 
|  76|0x0000000089800000, 0x0000000089800000, 0x0000000089900000|  0%| F|  |TAMS 0x0000000089800000, 0x0000000089800000| Untracked 
|  77|0x0000000089900000, 0x0000000089900000, 0x0000000089a00000|  0%| F|  |TAMS 0x0000000089900000, 0x0000000089900000| Untracked 
|  78|0x0000000089a00000, 0x0000000089a00000, 0x0000000089b00000|  0%| F|  |TAMS 0x0000000089a00000, 0x0000000089a00000| Untracked 
|  79|0x0000000089b00000, 0x0000000089b00000, 0x0000000089c00000|  0%| F|  |TAMS 0x0000000089b00000, 0x0000000089b00000| Untracked 
|  80|0x0000000089c00000, 0x0000000089c00000, 0x0000000089d00000|  0%| F|  |TAMS 0x0000000089c00000, 0x0000000089c00000| Untracked 
|  81|0x0000000089d00000, 0x0000000089d00000, 0x0000000089e00000|  0%| F|  |TAMS 0x0000000089d00000, 0x0000000089d00000| Untracked 
|  82|0x0000000089e00000, 0x0000000089e00000, 0x0000000089f00000|  0%| F|  |TAMS 0x0000000089e00000, 0x0000000089e00000| Untracked 
|  83|0x0000000089f00000, 0x0000000089f00000, 0x000000008a000000|  0%| F|  |TAMS 0x0000000089f00000, 0x0000000089f00000| Untracked 
|  84|0x000000008a000000, 0x000000008a000000, 0x000000008a100000|  0%| F|  |TAMS 0x000000008a000000, 0x000000008a000000| Untracked 
|  85|0x000000008a100000, 0x000000008a100000, 0x000000008a200000|  0%| F|  |TAMS 0x000000008a100000, 0x000000008a100000| Untracked 
|  86|0x000000008a200000, 0x000000008a200000, 0x000000008a300000|  0%| F|  |TAMS 0x000000008a200000, 0x000000008a200000| Untracked 
|  87|0x000000008a300000, 0x000000008a300000, 0x000000008a400000|  0%| F|  |TAMS 0x000000008a300000, 0x000000008a300000| Untracked 
|  88|0x000000008a400000, 0x000000008a400000, 0x000000008a500000|  0%| F|  |TAMS 0x000000008a400000, 0x000000008a400000| Untracked 
|  89|0x000000008a500000, 0x000000008a500000, 0x000000008a600000|  0%| F|  |TAMS 0x000000008a500000, 0x000000008a500000| Untracked 
|  90|0x000000008a600000, 0x000000008a600000, 0x000000008a700000|  0%| F|  |TAMS 0x000000008a600000, 0x000000008a600000| Untracked 
|  91|0x000000008a700000, 0x000000008a700000, 0x000000008a800000|  0%| F|  |TAMS 0x000000008a700000, 0x000000008a700000| Untracked 
|  92|0x000000008a800000, 0x000000008a800000, 0x000000008a900000|  0%| F|  |TAMS 0x000000008a800000, 0x000000008a800000| Untracked 
|  93|0x000000008a900000, 0x000000008a900000, 0x000000008aa00000|  0%| F|  |TAMS 0x000000008a900000, 0x000000008a900000| Untracked 
|  94|0x000000008aa00000, 0x000000008aa00000, 0x000000008ab00000|  0%| F|  |TAMS 0x000000008aa00000, 0x000000008aa00000| Untracked 
|  95|0x000000008ab00000, 0x000000008ab00000, 0x000000008ac00000|  0%| F|  |TAMS 0x000000008ab00000, 0x000000008ab00000| Untracked 
|  96|0x000000008ac00000, 0x000000008ac00000, 0x000000008ad00000|  0%| F|  |TAMS 0x000000008ac00000, 0x000000008ac00000| Untracked 
|  97|0x000000008ad00000, 0x000000008ad00000, 0x000000008ae00000|  0%| F|  |TAMS 0x000000008ad00000, 0x000000008ad00000| Untracked 
|  98|0x000000008ae00000, 0x000000008ae00000, 0x000000008af00000|  0%| F|  |TAMS 0x000000008ae00000, 0x000000008ae00000| Untracked 
|  99|0x000000008af00000, 0x000000008af00000, 0x000000008b000000|  0%| F|  |TAMS 0x000000008af00000, 0x000000008af00000| Untracked 
| 100|0x000000008b000000, 0x000000008b000000, 0x000000008b100000|  0%| F|  |TAMS 0x000000008b000000, 0x000000008b000000| Untracked 
| 101|0x000000008b100000, 0x000000008b100000, 0x000000008b200000|  0%| F|  |TAMS 0x000000008b100000, 0x000000008b100000| Untracked 
| 102|0x000000008b200000, 0x000000008b200000, 0x000000008b300000|  0%| F|  |TAMS 0x000000008b200000, 0x000000008b200000| Untracked 
| 103|0x000000008b300000, 0x000000008b300000, 0x000000008b400000|  0%| F|  |TAMS 0x000000008b300000, 0x000000008b300000| Untracked 
| 104|0x000000008b400000, 0x000000008b400000, 0x000000008b500000|  0%| F|  |TAMS 0x000000008b400000, 0x000000008b400000| Untracked 
| 105|0x000000008b500000, 0x000000008b500000, 0x000000008b600000|  0%| F|  |TAMS 0x000000008b500000, 0x000000008b500000| Untracked 
| 106|0x000000008b600000, 0x000000008b600000, 0x000000008b700000|  0%| F|  |TAMS 0x000000008b600000, 0x000000008b600000| Untracked 
| 107|0x000000008b700000, 0x000000008b700000, 0x000000008b800000|  0%| F|  |TAMS 0x000000008b700000, 0x000000008b700000| Untracked 
| 108|0x000000008b800000, 0x000000008b800000, 0x000000008b900000|  0%| F|  |TAMS 0x000000008b800000, 0x000000008b800000| Untracked 
| 109|0x000000008b900000, 0x000000008b900000, 0x000000008ba00000|  0%| F|  |TAMS 0x000000008b900000, 0x000000008b900000| Untracked 
| 110|0x000000008ba00000, 0x000000008ba00000, 0x000000008bb00000|  0%| F|  |TAMS 0x000000008ba00000, 0x000000008ba00000| Untracked 
| 111|0x000000008bb00000, 0x000000008bb00000, 0x000000008bc00000|  0%| F|  |TAMS 0x000000008bb00000, 0x000000008bb00000| Untracked 
| 112|0x000000008bc00000, 0x000000008bc00000, 0x000000008bd00000|  0%| F|  |TAMS 0x000000008bc00000, 0x000000008bc00000| Untracked 
| 113|0x000000008bd00000, 0x000000008bd00000, 0x000000008be00000|  0%| F|  |TAMS 0x000000008bd00000, 0x000000008bd00000| Untracked 
| 114|0x000000008be00000, 0x000000008be00000, 0x000000008bf00000|  0%| F|  |TAMS 0x000000008be00000, 0x000000008be00000| Untracked 
| 115|0x000000008bf00000, 0x000000008bf00000, 0x000000008c000000|  0%| F|  |TAMS 0x000000008bf00000, 0x000000008bf00000| Untracked 
| 116|0x000000008c000000, 0x000000008c000000, 0x000000008c100000|  0%| F|  |TAMS 0x000000008c000000, 0x000000008c000000| Untracked 
| 117|0x000000008c100000, 0x000000008c100000, 0x000000008c200000|  0%| F|  |TAMS 0x000000008c100000, 0x000000008c100000| Untracked 
| 118|0x000000008c200000, 0x000000008c200000, 0x000000008c300000|  0%| F|  |TAMS 0x000000008c200000, 0x000000008c200000| Untracked 
| 119|0x000000008c300000, 0x000000008c3efc70, 0x000000008c400000| 93%| E|  |TAMS 0x000000008c300000, 0x000000008c300000| Complete 
| 120|0x000000008c400000, 0x000000008c500000, 0x000000008c500000|100%| E|CS|TAMS 0x000000008c400000, 0x000000008c400000| Complete 
| 121|0x000000008c500000, 0x000000008c600000, 0x000000008c600000|100%| E|CS|TAMS 0x000000008c500000, 0x000000008c500000| Complete 
| 122|0x000000008c600000, 0x000000008c700000, 0x000000008c700000|100%| E|  |TAMS 0x000000008c600000, 0x000000008c600000| Complete 
| 123|0x000000008c700000, 0x000000008c800000, 0x000000008c800000|100%| E|CS|TAMS 0x000000008c700000, 0x000000008c700000| Complete 

Card table byte_map: [0x000001ce27c10000,0x000001ce27ff0000] _byte_map_base: 0x000001ce277ea000

Marking Bits (Prev, Next): (CMBitMap*) 0x000001ce14e99e40, (CMBitMap*) 0x000001ce14e99e80
 Prev Bits: [0x000001ce283d0000, 0x000001ce2a2a0000)
 Next Bits: [0x000001ce2a2a0000, 0x000001ce2c170000)

Polling page: 0x000001ce12db0000

Metaspace:

Usage:
  Non-class:      5.47 MB used.
      Class:    525.05 KB used.
       Both:      5.98 MB used.

Virtual space:
  Non-class space:        8.00 MB reserved,       5.50 MB ( 69%) committed,  1 nodes.
      Class space:        1.00 GB reserved,     576.00 KB ( <1%) committed,  1 nodes.
             Both:        1.01 GB reserved,       6.06 MB ( <1%) committed. 

Chunk freelists:
   Non-Class:  2.09 MB
       Class:  3.25 MB
        Both:  5.34 MB

MaxMetaspaceSize: unlimited
CompressedClassSpaceSize: 1.00 GB
Initial GC threshold: 21.00 MB
Current GC threshold: 21.00 MB
CDS: off
MetaspaceReclaimPolicy: balanced
 - commit_granule_bytes: 65536.
 - commit_granule_words: 8192.
 - virtual_space_node_default_size: 1048576.
 - enlarge_chunks_in_place: 1.
 - new_chunks_are_fully_committed: 0.
 - uncommit_free_chunks: 1.
 - use_allocation_guard: 0.
 - handle_deallocations: 1.


Internal statistics:

num_allocs_failed_limit: 0.
num_arena_births: 4.
num_arena_deaths: 0.
num_vsnodes_births: 2.
num_vsnodes_deaths: 0.
num_space_committed: 97.
num_space_uncommitted: 0.
num_chunks_returned_to_freelist: 0.
num_chunks_taken_from_freelist: 31.
num_chunk_merges: 0.
num_chunk_splits: 16.
num_chunks_enlarged: 12.
num_purges: 0.
num_inconsistent_stats: 0.

CodeHeap 'non-profiled nmethods': size=120000Kb used=75Kb max_used=75Kb free=119924Kb
 bounds [0x000001ce1ffd0000, 0x000001ce20240000, 0x000001ce27500000]
CodeHeap 'profiled nmethods': size=120000Kb used=465Kb max_used=465Kb free=119534Kb
 bounds [0x000001ce18aa0000, 0x000001ce18d10000, 0x000001ce1ffd0000]
CodeHeap 'non-nmethods': size=5760Kb used=1081Kb max_used=1096Kb free=4679Kb
 bounds [0x000001ce18500000, 0x000001ce18770000, 0x000001ce18aa0000]
 total_blobs=623 nmethods=288 adapters=248
 compilation: enabled
              stopped_count=0, restarted_count=0
 full_count=0

Compilation events (20 events):
Event: 0.463 Thread 0x000001ce2f8223e0 nmethod 279 0x000001ce18b0a210 code [0x000001ce18b0a400, 0x000001ce18b0a968]
Event: 0.463 Thread 0x000001ce2f8223e0  282       3       java.io.StreamTokenizer::nextToken (1266 bytes)
Event: 0.464 Thread 0x000001ce2f8219f0 nmethod 275 0x000001ce1ffe1a90 code [0x000001ce1ffe1c00, 0x000001ce1ffe1df8]
Event: 0.464 Thread 0x000001ce2f8219f0  283       4       java.io.StreamTokenizer::read (38 bytes)
Event: 0.467 Thread 0x000001ce2f8223e0 nmethod 282 0x000001ce18b0ab90 code [0x000001ce18b0b140, 0x000001ce18b0ddc8]
Event: 0.467 Thread 0x000001ce2f8223e0  286       3       sun.security.provider.PolicyParser::peek (182 bytes)
Event: 0.467 Thread 0x000001ce2f8223e0 nmethod 286 0x000001ce18b0e810 code [0x000001ce18b0ea40, 0x000001ce18b0f0c8]
Event: 0.467 Thread 0x000001ce2f8223e0  280       3       java.lang.String::<init> (74 bytes)
Event: 0.467 Thread 0x000001ce2f8219f0 nmethod 283 0x000001ce1ffe1f10 code [0x000001ce1ffe20a0, 0x000001ce1ffe2568]
Event: 0.467 Thread 0x000001ce2f8223e0 nmethod 280 0x000001ce18b0f310 code [0x000001ce18b0f4e0, 0x000001ce18b0f8f8]
Event: 0.467 Thread 0x000001ce2f8219f0  287   !   4       java.io.BufferedReader::read (104 bytes)
Event: 0.467 Thread 0x000001ce2f8223e0  281       3       java.lang.StringUTF16::compress (20 bytes)
Event: 0.468 Thread 0x000001ce2f8223e0 nmethod 281 0x000001ce18b0fa10 code [0x000001ce18b0fbc0, 0x000001ce18b0fe08]
Event: 0.468 Thread 0x000001ce2f8223e0  288       3       sun.security.provider.PolicyParser::match (778 bytes)
Event: 0.471 Thread 0x000001ce2f8223e0 nmethod 288 0x000001ce18b0ff10 code [0x000001ce18b105a0, 0x000001ce18b12bd8]
Event: 0.471 Thread 0x000001ce2f8223e0  284       3       java.lang.String::<init> (14 bytes)
Event: 0.471 Thread 0x000001ce2f8219f0 nmethod 287 0x000001ce1ffe2790 code [0x000001ce1ffe2920, 0x000001ce1ffe2da8]
Event: 0.471 Thread 0x000001ce2f8223e0 nmethod 284 0x000001ce18b13c10 code [0x000001ce18b13dc0, 0x000001ce18b13fd8]
Event: 0.471 Thread 0x000001ce2f8223e0  285       3       java.lang.String::rangeCheck (9 bytes)
Event: 0.471 Thread 0x000001ce2f8223e0 nmethod 285 0x000001ce18b14110 code [0x000001ce18b142c0, 0x000001ce18b143e8]

GC Heap History (0 events):
No events

Deoptimization events (20 events):
Event: 0.266 Thread 0x000001ce12d5b3a0 DEOPT PACKING pc=0x000001ce18ab8a8c sp=0x0000009d181fa190
Event: 0.266 Thread 0x000001ce12d5b3a0 DEOPT UNPACKING pc=0x000001ce18556763 sp=0x0000009d181f9620 mode 0
Event: 0.266 Thread 0x000001ce12d5b3a0 DEOPT PACKING pc=0x000001ce18ab8a8c sp=0x0000009d181fa190
Event: 0.266 Thread 0x000001ce12d5b3a0 DEOPT UNPACKING pc=0x000001ce18556763 sp=0x0000009d181f9620 mode 0
Event: 0.266 Thread 0x000001ce12d5b3a0 DEOPT PACKING pc=0x000001ce18ab8a8c sp=0x0000009d181fa190
Event: 0.266 Thread 0x000001ce12d5b3a0 DEOPT UNPACKING pc=0x000001ce18556763 sp=0x0000009d181f9620 mode 0
Event: 0.266 Thread 0x000001ce12d5b3a0 DEOPT PACKING pc=0x000001ce18ab8a8c sp=0x0000009d181fa190
Event: 0.266 Thread 0x000001ce12d5b3a0 DEOPT UNPACKING pc=0x000001ce18556763 sp=0x0000009d181f9620 mode 0
Event: 0.266 Thread 0x000001ce12d5b3a0 DEOPT PACKING pc=0x000001ce18ab8a8c sp=0x0000009d181fa190
Event: 0.266 Thread 0x000001ce12d5b3a0 DEOPT UNPACKING pc=0x000001ce18556763 sp=0x0000009d181f9620 mode 0
Event: 0.266 Thread 0x000001ce12d5b3a0 DEOPT PACKING pc=0x000001ce18ab8a8c sp=0x0000009d181fa190
Event: 0.266 Thread 0x000001ce12d5b3a0 DEOPT UNPACKING pc=0x000001ce18556763 sp=0x0000009d181f9620 mode 0
Event: 0.266 Thread 0x000001ce12d5b3a0 DEOPT PACKING pc=0x000001ce18ab8a8c sp=0x0000009d181fa190
Event: 0.266 Thread 0x000001ce12d5b3a0 DEOPT UNPACKING pc=0x000001ce18556763 sp=0x0000009d181f9620 mode 0
Event: 0.343 Thread 0x000001ce12d5b3a0 DEOPT PACKING pc=0x000001ce18ab7967 sp=0x0000009d181f8d50
Event: 0.343 Thread 0x000001ce12d5b3a0 DEOPT UNPACKING pc=0x000001ce18556763 sp=0x0000009d181f8170 mode 0
Event: 0.360 Thread 0x000001ce12d5b3a0 DEOPT PACKING pc=0x000001ce18aa6a51 sp=0x0000009d181f8f50
Event: 0.360 Thread 0x000001ce12d5b3a0 DEOPT UNPACKING pc=0x000001ce18556763 sp=0x0000009d181f83c8 mode 0
Event: 0.460 Thread 0x000001ce12d5b3a0 DEOPT PACKING pc=0x000001ce18ac8ad6 sp=0x0000009d181fbce0
Event: 0.460 Thread 0x000001ce12d5b3a0 DEOPT UNPACKING pc=0x000001ce18556763 sp=0x0000009d181fb180 mode 0

Classes unloaded (0 events):
No events

Classes redefined (0 events):
No events

Internal exceptions (0 events):
No events

VM Operations (2 events):
Event: 0.252 Executing VM operation: HandshakeAllThreads
Event: 0.252 Executing VM operation: HandshakeAllThreads done

Events (20 events):
Event: 0.467 loading class java/net/SocketPermission done
Event: 0.467 loading class java/util/PropertyPermission
Event: 0.467 loading class java/util/PropertyPermission done
Event: 0.467 loading class java/net/NetPermission
Event: 0.467 loading class java/net/NetPermission done
Event: 0.467 loading class sun/security/util/SecurityConstants
Event: 0.468 loading class sun/security/util/SecurityConstants done
Event: 0.468 loading class java/security/SecurityPermission
Event: 0.468 loading class java/security/SecurityPermission done
Event: 0.468 loading class sun/security/action/GetBooleanAction
Event: 0.468 loading class sun/security/action/GetBooleanAction done
Event: 0.469 loading class java/net/URLPermission
Event: 0.470 loading class java/net/URLPermission done
Event: 0.470 loading class java/net/URLPermission$Authority
Event: 0.470 loading class java/net/URLPermission$Authority done
Event: 0.470 loading class java/net/HostPortrange
Event: 0.471 loading class java/net/HostPortrange done
Event: 0.471 loading class java/util/Arrays$LegacyMergeSort
Event: 0.471 loading class java/util/Arrays$LegacyMergeSort done
Event: 0.471 loading class java/util/ComparableTimSort


Dynamic libraries:
0x00007ff6f20e0000 - 0x00007ff6f20ee000 	C:\Users\parag\.p2\pool\plugins\org.eclipse.justj.openjdk.hotspot.jre.full.win32.x86_64_17.0.3.v20220515-1416\jre\bin\javaw.exe
0x00007ff962f10000 - 0x00007ff963108000 	C:\windows\SYSTEM32\ntdll.dll
0x00007ff961690000 - 0x00007ff96174d000 	C:\windows\System32\KERNEL32.DLL
0x00007ff9607f0000 - 0x00007ff960abe000 	C:\windows\System32\KERNELBASE.dll
0x00007ff960660000 - 0x00007ff960760000 	C:\windows\System32\ucrtbase.dll
0x00007ff943ae0000 - 0x00007ff943af9000 	C:\Users\parag\.p2\pool\plugins\org.eclipse.justj.openjdk.hotspot.jre.full.win32.x86_64_17.0.3.v20220515-1416\jre\bin\VCRUNTIME140.dll
0x00007ff9439a0000 - 0x00007ff9439b8000 	C:\Users\parag\.p2\pool\plugins\org.eclipse.justj.openjdk.hotspot.jre.full.win32.x86_64_17.0.3.v20220515-1416\jre\bin\jli.dll
0x00007ff962190000 - 0x00007ff962330000 	C:\windows\System32\USER32.dll
0x00007ff960630000 - 0x00007ff960652000 	C:\windows\System32\win32u.dll
0x00007ff93d3f0000 - 0x00007ff93d68a000 	C:\windows\WinSxS\amd64_microsoft.windows.common-controls_6595b64144ccf1df_6.0.19041.1110_none_60b5254171f9507e\COMCTL32.dll
0x00007ff962970000 - 0x00007ff96299a000 	C:\windows\System32\GDI32.dll
0x00007ff961750000 - 0x00007ff9617ee000 	C:\windows\System32\msvcrt.dll
0x00007ff960d00000 - 0x00007ff960e0b000 	C:\windows\System32\gdi32full.dll
0x00007ff960ac0000 - 0x00007ff960b5d000 	C:\windows\System32\msvcp_win.dll
0x00007ff961290000 - 0x00007ff9612c0000 	C:\windows\System32\IMM32.DLL
0x00007ff95ade0000 - 0x00007ff95adec000 	C:\Users\parag\.p2\pool\plugins\org.eclipse.justj.openjdk.hotspot.jre.full.win32.x86_64_17.0.3.v20220515-1416\jre\bin\vcruntime140_1.dll
0x00007ff922f50000 - 0x00007ff922fe1000 	C:\Users\parag\.p2\pool\plugins\org.eclipse.justj.openjdk.hotspot.jre.full.win32.x86_64_17.0.3.v20220515-1416\jre\bin\msvcp140.dll
0x00007ff8ca850000 - 0x00007ff8cb498000 	C:\Users\parag\.p2\pool\plugins\org.eclipse.justj.openjdk.hotspot.jre.full.win32.x86_64_17.0.3.v20220515-1416\jre\bin\server\jvm.dll
0x00007ff9615e0000 - 0x00007ff96168e000 	C:\windows\System32\ADVAPI32.dll
0x00007ff961090000 - 0x00007ff96112c000 	C:\windows\System32\sechost.dll
0x00007ff9612c0000 - 0x00007ff9613e5000 	C:\windows\System32\RPCRT4.dll
0x00007ff962960000 - 0x00007ff962968000 	C:\windows\System32\PSAPI.DLL
0x00007ff92d3b0000 - 0x00007ff92d3b9000 	C:\windows\SYSTEM32\WSOCK32.dll
0x00007ff9418a0000 - 0x00007ff9418c7000 	C:\windows\SYSTEM32\WINMM.dll
0x00007ff95e960000 - 0x00007ff95e96a000 	C:\windows\SYSTEM32\VERSION.dll
0x00007ff9628f0000 - 0x00007ff96295b000 	C:\windows\System32\WS2_32.dll
0x00007ff95ee70000 - 0x00007ff95ee82000 	C:\windows\SYSTEM32\kernel.appcore.dll
0x00007ff945f70000 - 0x00007ff945f7a000 	C:\Users\parag\.p2\pool\plugins\org.eclipse.justj.openjdk.hotspot.jre.full.win32.x86_64_17.0.3.v20220515-1416\jre\bin\jimage.dll
0x00007ff95e720000 - 0x00007ff95e904000 	C:\windows\SYSTEM32\DBGHELP.DLL
0x00007ff949020000 - 0x00007ff94904c000 	C:\windows\SYSTEM32\dbgcore.DLL
0x00007ff960760000 - 0x00007ff9607e2000 	C:\windows\System32\bcryptPrimitives.dll
0x00007ff92f460000 - 0x00007ff92f485000 	C:\Users\parag\.p2\pool\plugins\org.eclipse.justj.openjdk.hotspot.jre.full.win32.x86_64_17.0.3.v20220515-1416\jre\bin\java.dll
0x00007ff92f580000 - 0x00007ff92f598000 	C:\Users\parag\.p2\pool\plugins\org.eclipse.justj.openjdk.hotspot.jre.full.win32.x86_64_17.0.3.v20220515-1416\jre\bin\zip.dll
0x00007ff9617f0000 - 0x00007ff961f33000 	C:\windows\System32\SHELL32.dll
0x00007ff95df80000 - 0x00007ff95e715000 	C:\windows\SYSTEM32\windows.storage.dll
0x00007ff962b50000 - 0x00007ff962ea4000 	C:\windows\System32\combase.dll
0x00007ff95ffc0000 - 0x00007ff95fff0000 	C:\windows\SYSTEM32\Wldp.dll
0x00007ff961400000 - 0x00007ff9614ad000 	C:\windows\System32\SHCORE.dll
0x00007ff962800000 - 0x00007ff962855000 	C:\windows\System32\shlwapi.dll
0x00007ff960570000 - 0x00007ff96058f000 	C:\windows\SYSTEM32\profapi.dll
0x00007ff923bc0000 - 0x00007ff923bd9000 	C:\Users\parag\.p2\pool\plugins\org.eclipse.justj.openjdk.hotspot.jre.full.win32.x86_64_17.0.3.v20220515-1416\jre\bin\net.dll
0x00007ff94f9f0000 - 0x00007ff94fafa000 	C:\windows\SYSTEM32\WINHTTP.dll
0x00007ff95fce0000 - 0x00007ff95fd4a000 	C:\windows\system32\mswsock.dll
0x00007ff923ba0000 - 0x00007ff923bb5000 	C:\Users\parag\.p2\pool\plugins\org.eclipse.justj.openjdk.hotspot.jre.full.win32.x86_64_17.0.3.v20220515-1416\jre\bin\nio.dll
0x00007ff943b30000 - 0x00007ff943b40000 	C:\Users\parag\.p2\pool\plugins\org.eclipse.justj.openjdk.hotspot.jre.full.win32.x86_64_17.0.3.v20220515-1416\jre\bin\verify.dll

dbghelp: loaded successfully - version: 4.0.5 - missing functions: none
symbol engine: initialized successfully - sym options: 0x614 - pdb path: .;C:\Users\parag\.p2\pool\plugins\org.eclipse.justj.openjdk.hotspot.jre.full.win32.x86_64_17.0.3.v20220515-1416\jre\bin;C:\windows\SYSTEM32;C:\windows\WinSxS\amd64_microsoft.windows.common-controls_6595b64144ccf1df_6.0.19041.1110_none_60b5254171f9507e;C:\Users\parag\.p2\pool\plugins\org.eclipse.justj.openjdk.hotspot.jre.full.win32.x86_64_17.0.3.v20220515-1416\jre\bin\server

VM Arguments:
jvm_args: -Dfile.encoding=UTF-8 -XX:+ShowCodeDetailsInExceptionMessages 
java_command: com.example.demo.DemoApplication
java_class_path (initial): C:\Users\parag\eclipse-workspace\JavaDemo\target\classes;C:\Users\parag\.m2\repository\org\springframework\boot\spring-boot-devtools\2.7.4\spring-boot-devtools-2.7.4.jar;C:\Users\parag\.m2\repository\org\springframework\boot\spring-boot\2.7.4\spring-boot-2.7.4.jar;C:\Users\parag\.m2\repository\org\springframework\spring-context\5.3.23\spring-context-5.3.23.jar;C:\Users\parag\.m2\repository\org\springframework\boot\spring-boot-autoconfigure\2.7.4\spring-boot-autoconfigure-2.7.4.jar;C:\Users\parag\.m2\repository\org\apache\tomcat\embed\tomcat-embed-jasper\9.0.65\tomcat-embed-jasper-9.0.65.jar;C:\Users\parag\.m2\repository\org\apache\tomcat\embed\tomcat-embed-core\9.0.65\tomcat-embed-core-9.0.65.jar;C:\Users\parag\.m2\repository\org\apache\tomcat\tomcat-annotations-api\9.0.65\tomcat-annotations-api-9.0.65.jar;C:\Users\parag\.m2\repository\org\apache\tomcat\embed\tomcat-embed-el\9.0.65\tomcat-embed-el-9.0.65.jar;C:\Users\parag\.m2\repository\org\eclipse\jdt\ecj\3.18.0\ecj-3.18.0.jar;C:\Users\parag\.m2\repository\javax\servlet\jstl\1.2\jstl-1.2.jar;C:\Users\parag\.m2\repository\org\springframework\boot\spring-boot-starter-web\2.7.4\spring-boot-starter-web-2.7.4.jar;C:\Users\parag\.m2\repository\org\springframework\boot\spring-boot-starter\2.7.4\spring-boot-starter-2.7.4.jar;C:\Users\parag\.m2\repository\org\springframework\boot\spring-boot-starter-logging\2.7.4\spring-boot-starter-logging-2.7.4.jar;C:\Users\parag\.m2\repository\ch\qos\logback\logback-classic\1.2.11\logback-classic-1.2.11.jar;C:\Users\parag\.m2\repository\ch\qos\logback\logback-core\1.2.11\logback-core-1.2.11.jar;C:\Users\parag\.m2\repository\org\apache\logging\log4j\log4j-to-slf4j\2.17.2\log4j-to-slf4j-2.17.2.jar;C:\Users\parag\.m2\repository\org\apache\logging\log4j\log4j-api\2.17.2\log4j-api-2.17.2.jar;C:\Users\parag\.m2\repository\org\slf4j\jul-to-slf4j\1.7.36\jul-to-slf4j-1.7.36.jar;C:\Users\parag\.m2\repository\jakarta\annotation\jakarta.annotation-api\1.3.5\jakarta.anno
Launcher Type: SUN_STANDARD

[Global flags]
     intx CICompilerCount                          = 4                                         {product} {ergonomic}
     uint ConcGCThreads                            = 2                                         {product} {ergonomic}
     uint G1ConcRefinementThreads                  = 8                                         {product} {ergonomic}
   size_t G1HeapRegionSize                         = 1048576                                   {product} {ergonomic}
    uintx GCDrainStackTargetSize                   = 64                                        {product} {ergonomic}
   size_t InitialHeapSize                          = 130023424                                 {product} {ergonomic}
   size_t MarkStackSize                            = 4194304                                   {product} {ergonomic}
   size_t MaxHeapSize                              = 2067791872                                {product} {ergonomic}
   size_t MaxNewSize                               = 1240465408                                {product} {ergonomic}
   size_t MinHeapDeltaBytes                        = 1048576                                   {product} {ergonomic}
   size_t MinHeapSize                              = 8388608                                   {product} {ergonomic}
    uintx NonNMethodCodeHeapSize                   = 5839372                                {pd product} {ergonomic}
    uintx NonProfiledCodeHeapSize                  = 122909434                              {pd product} {ergonomic}
    uintx ProfiledCodeHeapSize                     = 122909434                              {pd product} {ergonomic}
    uintx ReservedCodeCacheSize                    = 251658240                              {pd product} {ergonomic}
     bool SegmentedCodeCache                       = true                                      {product} {ergonomic}
     bool ShowCodeDetailsInExceptionMessages       = true                                   {manageable} {command line}
   size_t SoftMaxHeapSize                          = 2067791872                             {manageable} {ergonomic}
     bool UseCompressedClassPointers               = true                           {product lp64_product} {ergonomic}
     bool UseCompressedOops                        = true                           {product lp64_product} {ergonomic}
     bool UseG1GC                                  = true                                      {product} {ergonomic}
     bool UseLargePagesIndividualAllocation        = false                                  {pd product} {ergonomic}

Logging:
Log output configuration:
 #0: stdout all=warning uptime,level,tags
 #1: stderr all=off uptime,level,tags

Environment Variables:
PATH=C:/Users/parag/.p2/pool/plugins/org.eclipse.justj.openjdk.hotspot.jre.full.win32.x86_64_17.0.4.v20220903-1038/jre/bin/server;C:/Users/parag/.p2/pool/plugins/org.eclipse.justj.openjdk.hotspot.jre.full.win32.x86_64_17.0.4.v20220903-1038/jre/bin;C:\windows\system32;C:\windows;C:\windows\System32\Wbem;C:\windows\System32\WindowsPowerShell\v1.0\;C:\windows\System32\OpenSSH\;C:\Program Files\Docker\Docker\resources\bin;C:\ProgramData\DockerDesktop\version-bin;C:\Users\parag\AppData\Local\Microsoft\WindowsApps;;C:\Users\parag\Desktop;
USERNAME=parag
OS=Windows_NT
PROCESSOR_IDENTIFIER=Intel64 Family 6 Model 126 Stepping 5, GenuineIntel



---------------  S Y S T E M  ---------------

OS:
 Windows 10 , 64 bit Build 19041 (10.0.19041.1889)
OS uptime: 4 days 19:36 hours
Hyper-V role detected

CPU: total 8 (initial active 8) (4 cores per cpu, 2 threads per core) family 6 model 126 stepping 5 microcode 0xa0, cx8, cmov, fxsr, ht, mmx, 3dnowpref, sse, sse2, sse3, ssse3, sse4.1, sse4.2, popcnt, lzcnt, tsc, tscinvbit, avx, avx2, aes, erms, clmul, bmi1, bmi2, adx, avx512f, avx512dq, avx512cd, avx512bw, avx512vl, sha, fma, vzeroupper, avx512_vpopcntdq, avx512_vpclmulqdq, avx512_vaes, avx512_vnni, clflush, clflushopt, avx512_vbmi2, avx512_vbmi, hv

Memory: 4k page, system-wide physical 7880M (232M free)
TotalPageFile size 32456M (AvailPageFile size 0M)
current process WorkingSet (physical memory assigned to process): 39M, peak: 39M
current process commit charge ("private bytes"): 203M, peak: 203M

vm_info: OpenJDK 64-Bit Server VM (17.0.3+7) for windows-amd64 JRE (17.0.3+7), built on Apr 19 2022 16:55:35 by "" with MS VC++ 16.7 (VS2019)

END.
