#
# There is insufficient memory for the Java Runtime Environment to continue.
# Native memory allocation (malloc) failed to allocate 1048576 bytes for AllocateHeap
# Possible reasons:
#   The system is out of physical RAM or swap space
#   The process is running with CompressedOops enabled, and the Java Heap may be blocking the growth of the native heap
# Possible solutions:
#   Reduce memory load on the system
#   Increase physical memory or swap space
#   Check if swap backing store is full
#   Decrease Java heap size (-Xmx/-Xms)
#   Decrease number of Java threads
#   Decrease Java thread stack sizes (-Xss)
#   Set larger code cache with -XX:ReservedCodeCacheSize=
#   JVM is running with Unscaled Compressed Oops mode in which the Java heap is
#     placed in the first 4GB address space. The Java Heap base address is the
#     maximum limit for the native heap growth. Please use -XX:HeapBaseMinAddress
#     to set the Java Heap base and to place the Java Heap above 4GB virtual address.
# This output file may be truncated or incomplete.
#
#  Out of Memory Error (allocation.cpp:44), pid=27436, tid=20576
#
# JRE version: OpenJDK Runtime Environment Temurin-17.0.3+7 (17.0.3+7) (build 17.0.3+7)
# Java VM: OpenJDK 64-Bit Server VM Temurin-17.0.3+7 (17.0.3+7, mixed mode, tiered, compressed oops, compressed class ptrs, g1 gc, windows-amd64)
# No core dump will be written. Minidumps are not enabled by default on client versions of Windows
#

---------------  S U M M A R Y ------------

Command Line: -Dfile.encoding=UTF-8 -XX:+ShowCodeDetailsInExceptionMessages com.example.demo.DemoApplication

Host: Intel(R) Core(TM) i5-1035G1 CPU @ 1.00GHz, 8 cores, 7G,  Windows 10 , 64 bit Build 19041 (10.0.19041.1889)
Time: Tue Sep 27 18:03:34 2022 India Standard Time elapsed time: 375.170443 seconds (0d 0h 6m 15s)

---------------  T H R E A D  ---------------

Current thread (0x00000249c201c930):  VMThread "VM Thread" [stack: 0x000000f6ea300000,0x000000f6ea400000] [id=20576]

Stack: [0x000000f6ea300000,0x000000f6ea400000]
Native frames: (J=compiled Java code, j=interpreted, Vv=VM code, C=native code)
V  [jvm.dll+0x675efa]
V  [jvm.dll+0x830a24]
V  [jvm.dll+0x8321ce]
V  [jvm.dll+0x832833]
V  [jvm.dll+0x2454b5]
V  [jvm.dll+0xa6393]
V  [jvm.dll+0x2f55c3]
V  [jvm.dll+0x2f12d0]
V  [jvm.dll+0x2d99b7]
V  [jvm.dll+0x31cac7]
V  [jvm.dll+0x836cdb]
V  [jvm.dll+0x837a14]
V  [jvm.dll+0x837f2c]
V  [jvm.dll+0x838304]
V  [jvm.dll+0x8383d0]
V  [jvm.dll+0x7e0cfa]
V  [jvm.dll+0x674d85]
C  [ucrtbase.dll+0x21bb2]
C  [KERNEL32.DLL+0x17034]
C  [ntdll.dll+0x526a1]

VM_Operation (0x000000f6e9cff400): G1CollectFull, mode: safepoint, requested by thread 0x00000249c6b85f90


---------------  P R O C E S S  ---------------

Threads class SMR info:
_java_thread_list=0x00000249c6b419b0, length=14, elements={
0x00000249c1fff540, 0x00000249c2000910, 0x00000249c20483e0, 0x00000249c2049440,
0x00000249c2049df0, 0x00000249c204e440, 0x00000249c2c13280, 0x00000249c2c15f40,
0x00000249c2c27840, 0x00000249c2d89990, 0x00000249c2da7710, 0x00000249c6c1ab00,
0x00000249c6b86460, 0x00000249c6b85f90
}

Java Threads: ( => current thread )
  0x00000249c1fff540 JavaThread "Reference Handler" daemon [_thread_blocked, id=14356, stack(0x000000f6ea400000,0x000000f6ea500000)]
  0x00000249c2000910 JavaThread "Finalizer" daemon [_thread_blocked, id=29528, stack(0x000000f6ea500000,0x000000f6ea600000)]
  0x00000249c20483e0 JavaThread "Signal Dispatcher" daemon [_thread_blocked, id=27544, stack(0x000000f6ea600000,0x000000f6ea700000)]
  0x00000249c2049440 JavaThread "Attach Listener" daemon [_thread_blocked, id=13988, stack(0x000000f6ea700000,0x000000f6ea800000)]
  0x00000249c2049df0 JavaThread "Service Thread" daemon [_thread_blocked, id=12388, stack(0x000000f6ea800000,0x000000f6ea900000)]
  0x00000249c204e440 JavaThread "Monitor Deflation Thread" daemon [_thread_blocked, id=1156, stack(0x000000f6ea900000,0x000000f6eaa00000)]
  0x00000249c2c13280 JavaThread "C2 CompilerThread0" daemon [_thread_blocked, id=21580, stack(0x000000f6eaa00000,0x000000f6eab00000)]
  0x00000249c2c15f40 JavaThread "C1 CompilerThread0" daemon [_thread_blocked, id=23224, stack(0x000000f6eab00000,0x000000f6eac00000)]
  0x00000249c2c27840 JavaThread "Sweeper thread" daemon [_thread_blocked, id=20524, stack(0x000000f6eac00000,0x000000f6ead00000)]
  0x00000249c2d89990 JavaThread "Notification Thread" daemon [_thread_blocked, id=24348, stack(0x000000f6ead00000,0x000000f6eae00000)]
  0x00000249c2da7710 JavaThread "Common-Cleaner" daemon [_thread_blocked, id=29004, stack(0x000000f6eaf00000,0x000000f6eb000000)]
  0x00000249c6c1ab00 JavaThread "Live Reload Server" daemon [_thread_in_native, id=22736, stack(0x000000f6ec000000,0x000000f6ec100000)]
  0x00000249c6b86460 JavaThread "DestroyJavaVM" [_thread_blocked, id=17144, stack(0x000000f6e9d00000,0x000000f6e9e00000)]
  0x00000249c6b85f90 JavaThread "Thread-5" [_thread_blocked, id=29176, stack(0x000000f6e9c00000,0x000000f6e9d00000)]

Other Threads:
=>0x00000249c201c930 VMThread "VM Thread" [stack: 0x000000f6ea300000,0x000000f6ea400000] [id=20576]
  0x00000249c2d8e280 WatcherThread [stack: 0x000000f6eae00000,0x000000f6eaf00000] [id=18084]
  0x00000249a82fca10 GCTaskThread "GC Thread#0" [stack: 0x000000f6e9e00000,0x000000f6e9f00000] [id=2484]
  0x00000249c40c85e0 GCTaskThread "GC Thread#1" [stack: 0x000000f6eb300000,0x000000f6eb400000] [id=17756]
  0x00000249c40c8890 GCTaskThread "GC Thread#2" [stack: 0x000000f6eb400000,0x000000f6eb500000] [id=6340]
  0x00000249c40bf650 GCTaskThread "GC Thread#3" [stack: 0x000000f6eb500000,0x000000f6eb600000] [id=23972]
  0x00000249c40bf900 GCTaskThread "GC Thread#4" [stack: 0x000000f6eb600000,0x000000f6eb700000] [id=25408]
  0x00000249c40bfbb0 GCTaskThread "GC Thread#5" [stack: 0x000000f6eb700000,0x000000f6eb800000] [id=14980]
  0x00000249c3769490 GCTaskThread "GC Thread#6" [stack: 0x000000f6eb800000,0x000000f6eb900000] [id=8716]
  0x00000249c41a2770 GCTaskThread "GC Thread#7" [stack: 0x000000f6eba00000,0x000000f6ebb00000] [id=29144]
  0x00000249a830cfd0 ConcurrentGCThread "G1 Main Marker" [stack: 0x000000f6e9f00000,0x000000f6ea000000] [id=20896]
  0x00000249a830e9f0 ConcurrentGCThread "G1 Conc#0" [stack: 0x000000f6ea000000,0x000000f6ea100000] [id=12032]
  0x00000249c4346e10 ConcurrentGCThread "G1 Conc#1" [stack: 0x000000f6ebb00000,0x000000f6ebc00000] [id=28992]
  0x00000249a8377990 ConcurrentGCThread "G1 Refine#0" [stack: 0x000000f6ea100000,0x000000f6ea200000] [id=24004]
  0x00000249c1e60480 ConcurrentGCThread "G1 Service" [stack: 0x000000f6ea200000,0x000000f6ea300000] [id=14856]

Threads with active compile tasks:

VM state: at safepoint (normal execution)

VM Mutex/Monitor currently owned by a thread:  ([mutex/lock_event])
[0x00000249a829bbe0] Threads_lock - owner thread: 0x00000249c201c930
[0x00000249a829c330] Heap_lock - owner thread: 0x00000249c6b85f90

Heap address: 0x0000000084c00000, size: 1972 MB, Compressed Oops mode: 32-bit

CDS archive(s) not mapped
Compressed class space mapped at: 0x0000000100000000-0x0000000140000000, reserved size: 1073741824
Narrow klass base: 0x0000000000000000, Narrow klass shift: 3, Narrow klass range: 0x140000000

GC Precious Log:
 CPUs: 8 total, 8 available
 Memory: 7880M
 Large Page Support: Disabled
 NUMA Support: Disabled
 Compressed Oops: Enabled (32-bit)
 Heap Region Size: 1M
 Heap Min Capacity: 8M
 Heap Initial Capacity: 124M
 Heap Max Capacity: 1972M
 Pre-touch: Disabled
 Parallel Workers: 8
 Concurrent Workers: 2
 Concurrent Refinement Workers: 8
 Periodic GC: Disabled

Heap:
 garbage-first heap   total 29696K, used 16502K [0x0000000084c00000, 0x0000000100000000)
  region size 1024K, 3 young (3072K), 2 survivors (2048K)
 Metaspace       used 46789K, committed 47168K, reserved 1097728K
  class space    used 5138K, committed 5312K, reserved 1048576K

Heap Regions: E=young(eden), S=young(survivor), O=old, HS=humongous(starts), HC=humongous(continues), CS=collection set, F=free, OA=open archive, CA=closed archive, TAMS=top-at-mark-start (previous, next)
|   0|0x0000000084c00000, 0x0000000084d00000, 0x0000000084d00000|100%| O|  |TAMS 0x0000000084d00000, 0x0000000084c00000| Untracked 
|   1|0x0000000084d00000, 0x0000000084e00000, 0x0000000084e00000|100%| O|  |TAMS 0x0000000084e00000, 0x0000000084d00000| Untracked 
|   2|0x0000000084e00000, 0x0000000084f00000, 0x0000000084f00000|100%| O|  |TAMS 0x0000000084f00000, 0x0000000084e00000| Untracked 
|   3|0x0000000084f00000, 0x0000000085000000, 0x0000000085000000|100%| O|  |TAMS 0x0000000085000000, 0x0000000084f00000| Untracked 
|   4|0x0000000085000000, 0x0000000085100000, 0x0000000085100000|100%| O|  |TAMS 0x0000000085100000, 0x0000000085000000| Untracked 
|   5|0x0000000085100000, 0x0000000085200000, 0x0000000085200000|100%| O|  |TAMS 0x0000000085200000, 0x0000000085100000| Untracked 
|   6|0x0000000085200000, 0x0000000085300000, 0x0000000085300000|100%| O|  |TAMS 0x0000000085300000, 0x0000000085200000| Untracked 
|   7|0x0000000085300000, 0x0000000085300000, 0x0000000085400000|  0%| F|  |TAMS 0x0000000085300000, 0x0000000085300000| Untracked 
|   8|0x0000000085400000, 0x0000000085500000, 0x0000000085500000|100%| O|  |TAMS 0x0000000085500000, 0x0000000085400000| Untracked 
|   9|0x0000000085500000, 0x0000000085600000, 0x0000000085600000|100%| O|  |TAMS 0x0000000085600000, 0x0000000085500000| Untracked 
|  10|0x0000000085600000, 0x0000000085700000, 0x0000000085700000|100%| O|  |TAMS 0x0000000085700000, 0x0000000085600000| Untracked 
|  11|0x0000000085700000, 0x0000000085800000, 0x0000000085800000|100%| O|  |TAMS 0x0000000085800000, 0x0000000085700000| Untracked 
|  12|0x0000000085800000, 0x0000000085900000, 0x0000000085900000|100%| O|  |TAMS 0x0000000085900000, 0x0000000085800000| Untracked 
|  13|0x0000000085900000, 0x0000000085a00000, 0x0000000085a00000|100%| O|  |TAMS 0x0000000085a00000, 0x0000000085900000| Untracked 
|  14|0x0000000085a00000, 0x0000000085b00000, 0x0000000085b00000|100%| O|  |TAMS 0x0000000085b00000, 0x0000000085a00000| Untracked 
|  15|0x0000000085b00000, 0x0000000085c00000, 0x0000000085c00000|100%| O|  |TAMS 0x0000000085c00000, 0x0000000085b00000| Untracked 
|  16|0x0000000085c00000, 0x0000000085c00000, 0x0000000085d00000|  0%| F|  |TAMS 0x0000000085c00000, 0x0000000085c00000| Untracked 
|  17|0x0000000085d00000, 0x0000000085d00000, 0x0000000085e00000|  0%| F|  |TAMS 0x0000000085d00000, 0x0000000085d00000| Untracked 
|  18|0x0000000085e00000, 0x0000000085e1d9e0, 0x0000000085f00000| 11%| S|CS|TAMS 0x0000000085e00000, 0x0000000085e00000| Complete 
|  19|0x0000000085f00000, 0x0000000086000000, 0x0000000086000000|100%| S|CS|TAMS 0x0000000085f00000, 0x0000000085f00000| Complete 
|  20|0x0000000086000000, 0x0000000086000000, 0x0000000086100000|  0%| F|  |TAMS 0x0000000086000000, 0x0000000086000000| Untracked 
|  21|0x0000000086100000, 0x0000000086100000, 0x0000000086200000|  0%| F|  |TAMS 0x0000000086100000, 0x0000000086100000| Untracked 
|  22|0x0000000086200000, 0x0000000086200000, 0x0000000086300000|  0%| F|  |TAMS 0x0000000086200000, 0x0000000086200000| Untracked 
|  23|0x0000000086300000, 0x0000000086300000, 0x0000000086400000|  0%| F|  |TAMS 0x0000000086300000, 0x0000000086300000| Untracked 
|  24|0x0000000086400000, 0x0000000086400000, 0x0000000086500000|  0%| F|  |TAMS 0x0000000086400000, 0x0000000086400000| Untracked 
|  25|0x0000000086500000, 0x0000000086500000, 0x0000000086600000|  0%| F|  |TAMS 0x0000000086500000, 0x0000000086500000| Untracked 
|  97|0x000000008ad00000, 0x000000008ad00000, 0x000000008ae00000|  0%| F|  |TAMS 0x000000008ad00000, 0x000000008ad00000| Untracked 
| 101|0x000000008b100000, 0x000000008b100000, 0x000000008b200000|  0%| F|  |TAMS 0x000000008b100000, 0x000000008b100000| Untracked 
| 123|0x000000008c700000, 0x000000008c73cb70, 0x000000008c800000| 23%| E|  |TAMS 0x000000008c700000, 0x000000008c700000| Complete 

Card table byte_map: [0x00000249bb070000,0x00000249bb450000] _byte_map_base: 0x00000249bac4a000

Marking Bits (Prev, Next): (CMBitMap*) 0x00000249a82fd060, (CMBitMap*) 0x00000249a82fd020
 Prev Bits: [0x00000249bd700000, 0x00000249bf5d0000)
 Next Bits: [0x00000249bb830000, 0x00000249bd700000)

Polling page: 0x00000249a6260000

Metaspace:

Usage:
  Non-class:     40.67 MB used.
      Class:      5.02 MB used.
       Both:     45.69 MB used.

Virtual space:
  Non-class space:       48.00 MB reserved,      40.88 MB ( 85%) committed,  6 nodes.
      Class space:        1.00 GB reserved,       5.19 MB ( <1%) committed,  1 nodes.
             Both:        1.05 GB reserved,      46.06 MB (  4%) committed. 

Chunk freelists:
   Non-Class:  2.33 MB
       Class:  2.82 MB
        Both:  5.15 MB

MaxMetaspaceSize: unlimited
CompressedClassSpaceSize: 1.00 GB
Initial GC threshold: 21.00 MB
Current GC threshold: 75.00 MB
CDS: off
MetaspaceReclaimPolicy: balanced
 - commit_granule_bytes: 65536.
 - commit_granule_words: 8192.
 - virtual_space_node_default_size: 1048576.
 - enlarge_chunks_in_place: 1.
 - new_chunks_are_fully_committed: 0.
 - uncommit_free_chunks: 1.
 - use_allocation_guard: 0.
 - handle_deallocations: 1.


Internal statistics:

num_allocs_failed_limit: 8.
num_arena_births: 386.
num_arena_deaths: 0.
num_vsnodes_births: 7.
num_vsnodes_deaths: 0.
num_space_committed: 737.
num_space_uncommitted: 0.
num_chunks_returned_to_freelist: 8.
num_chunks_taken_from_freelist: 1664.
num_chunk_merges: 8.
num_chunk_splits: 1141.
num_chunks_enlarged: 873.
num_purges: 0.
num_inconsistent_stats: 0.

CodeHeap 'non-profiled nmethods': size=120000Kb used=2198Kb max_used=2198Kb free=117802Kb
 bounds [0x00000249b3430000, 0x00000249b36a0000, 0x00000249ba960000]
CodeHeap 'profiled nmethods': size=120000Kb used=9980Kb max_used=9980Kb free=110019Kb
 bounds [0x00000249abf00000, 0x00000249ac8c0000, 0x00000249b3430000]
CodeHeap 'non-nmethods': size=5760Kb used=1251Kb max_used=1277Kb free=4508Kb
 bounds [0x00000249ab960000, 0x00000249abbd0000, 0x00000249abf00000]
 total_blobs=4869 nmethods=4321 adapters=459
 compilation: enabled
              stopped_count=0, restarted_count=0
 full_count=0

Compilation events (20 events):
Event: 374.858 Thread 0x00000249c2c15f40 4313       3       java.io.OutputStream::flush (1 bytes)
Event: 374.858 Thread 0x00000249c2c15f40 nmethod 4313 0x00000249ac8bb290 code [0x00000249ac8bb420, 0x00000249ac8bb538]
Event: 375.038 Thread 0x00000249c2c15f40 4314       3       java.util.zip.Inflater::inflate (9 bytes)
Event: 375.043 Thread 0x00000249c2c15f40 nmethod 4314 0x00000249ac8bb610 code [0x00000249ac8bb7c0, 0x00000249ac8bb928]
Event: 375.044 Thread 0x00000249c2c15f40 4315       3       java.nio.MappedByteBuffer::position (8 bytes)
Event: 375.044 Thread 0x00000249c2c15f40 nmethod 4315 0x00000249ac8bba10 code [0x00000249ac8bbbc0, 0x00000249ac8bbd68]
Event: 375.046 Thread 0x00000249c2c15f40 4316       3       java.util.zip.Inflater::<init> (28 bytes)
Event: 375.046 Thread 0x00000249c2c13280 4317       4       java.nio.Buffer::position (52 bytes)
Event: 375.047 Thread 0x00000249c2c15f40 nmethod 4316 0x00000249ac8bbe10 code [0x00000249ac8bc000, 0x00000249ac8bc4d8]
Event: 375.047 Thread 0x00000249c2c13280 nmethod 4317 0x00000249b3654110 code [0x00000249b3654280, 0x00000249b3654358]
Event: 375.049 Thread 0x00000249c2c15f40 4318       3       jdk.internal.loader.AbstractClassLoaderValue::extractValue (17 bytes)
Event: 375.050 Thread 0x00000249c2c15f40 nmethod 4318 0x00000249ac8bc690 code [0x00000249ac8bc840, 0x00000249ac8bcbc8]
Event: 375.119 Thread 0x00000249c2c15f40 4319  s    3       org.apache.catalina.util.LifecycleBase::setStateInternal (144 bytes)
Event: 375.122 Thread 0x00000249c2c15f40 nmethod 4319 0x00000249ac8bcc90 code [0x00000249ac8bcf20, 0x00000249ac8bde28]
Event: 375.139 Thread 0x00000249c2c13280 4320       4       java.util.concurrent.ConcurrentHashMap$EntryIterator::next (51 bytes)
Event: 375.139 Thread 0x00000249c2c15f40 4321   !   3       java.util.concurrent.ConcurrentHashMap::clear (176 bytes)
Event: 375.140 Thread 0x00000249c2c15f40 nmethod 4321 0x00000249ac8be210 code [0x00000249ac8be440, 0x00000249ac8bee08]
Event: 375.146 Thread 0x00000249c2c13280 nmethod 4320 0x00000249b3654710 code [0x00000249b36548a0, 0x00000249b3654d58]
Event: 375.146 Thread 0x00000249c2c13280 4322       4       java.util.concurrent.ConcurrentHashMap$EntryIterator::next (5 bytes)
Event: 375.151 Thread 0x00000249c2c13280 nmethod 4322 0x00000249b3654f90 code [0x00000249b3655120, 0x00000249b36555d8]

GC Heap History (20 events):
Event: 4.848 GC heap before
{Heap before GC invocations=9 (full 0):
 garbage-first heap   total 27648K, used 20673K [0x0000000084c00000, 0x0000000100000000)
  region size 1024K, 10 young (10240K), 2 survivors (2048K)
 Metaspace       used 34914K, committed 35264K, reserved 1081344K
  class space    used 3976K, committed 4160K, reserved 1048576K
}
Event: 4.850 GC heap after
{Heap after GC invocations=10 (full 0):
 garbage-first heap   total 27648K, used 13073K [0x0000000084c00000, 0x0000000100000000)
  region size 1024K, 1 young (1024K), 1 survivors (1024K)
 Metaspace       used 34914K, committed 35264K, reserved 1081344K
  class space    used 3976K, committed 4160K, reserved 1048576K
}
Event: 5.110 GC heap before
{Heap before GC invocations=10 (full 0):
 garbage-first heap   total 27648K, used 18193K [0x0000000084c00000, 0x0000000100000000)
  region size 1024K, 7 young (7168K), 1 survivors (1024K)
 Metaspace       used 35663K, committed 35968K, reserved 1081344K
  class space    used 4071K, committed 4224K, reserved 1048576K
}
Event: 5.113 GC heap after
{Heap after GC invocations=11 (full 0):
 garbage-first heap   total 27648K, used 13636K [0x0000000084c00000, 0x0000000100000000)
  region size 1024K, 2 young (2048K), 2 survivors (2048K)
 Metaspace       used 35663K, committed 35968K, reserved 1081344K
  class space    used 4071K, committed 4224K, reserved 1048576K
}
Event: 5.446 GC heap before
{Heap before GC invocations=12 (full 0):
 garbage-first heap   total 27648K, used 20804K [0x0000000084c00000, 0x0000000100000000)
  region size 1024K, 9 young (9216K), 2 survivors (2048K)
 Metaspace       used 37067K, committed 37504K, reserved 1089536K
  class space    used 4263K, committed 4480K, reserved 1048576K
}
Event: 5.449 GC heap after
{Heap after GC invocations=13 (full 0):
 garbage-first heap   total 27648K, used 14507K [0x0000000084c00000, 0x0000000100000000)
  region size 1024K, 2 young (2048K), 2 survivors (2048K)
 Metaspace       used 37067K, committed 37504K, reserved 1089536K
  class space    used 4263K, committed 4480K, reserved 1048576K
}
Event: 26.561 GC heap before
{Heap before GC invocations=13 (full 0):
 garbage-first heap   total 27648K, used 20651K [0x0000000084c00000, 0x0000000100000000)
  region size 1024K, 8 young (8192K), 2 survivors (2048K)
 Metaspace       used 38720K, committed 39040K, reserved 1089536K
  class space    used 4459K, committed 4608K, reserved 1048576K
}
Event: 26.569 GC heap after
{Heap after GC invocations=14 (full 0):
 garbage-first heap   total 27648K, used 15218K [0x0000000084c00000, 0x0000000100000000)
  region size 1024K, 1 young (1024K), 1 survivors (1024K)
 Metaspace       used 38720K, committed 39040K, reserved 1089536K
  class space    used 4459K, committed 4608K, reserved 1048576K
}
Event: 26.848 GC heap before
{Heap before GC invocations=15 (full 0):
 garbage-first heap   total 29696K, used 19314K [0x0000000084c00000, 0x0000000100000000)
  region size 1024K, 6 young (6144K), 1 survivors (1024K)
 Metaspace       used 40278K, committed 40640K, reserved 1089536K
  class space    used 4624K, committed 4800K, reserved 1048576K
}
Event: 26.851 GC heap after
{Heap after GC invocations=16 (full 0):
 garbage-first heap   total 29696K, used 15476K [0x0000000084c00000, 0x0000000100000000)
  region size 1024K, 1 young (1024K), 1 survivors (1024K)
 Metaspace       used 40278K, committed 40640K, reserved 1089536K
  class space    used 4624K, committed 4800K, reserved 1048576K
}
Event: 27.061 GC heap before
{Heap before GC invocations=16 (full 0):
 garbage-first heap   total 29696K, used 21620K [0x0000000084c00000, 0x0000000100000000)
  region size 1024K, 8 young (8192K), 1 survivors (1024K)
 Metaspace       used 42252K, committed 42624K, reserved 1089536K
  class space    used 4754K, committed 4928K, reserved 1048576K
}
Event: 27.063 GC heap after
{Heap after GC invocations=17 (full 0):
 garbage-first heap   total 29696K, used 15830K [0x0000000084c00000, 0x0000000100000000)
  region size 1024K, 1 young (1024K), 1 survivors (1024K)
 Metaspace       used 42252K, committed 42624K, reserved 1089536K
  class space    used 4754K, committed 4928K, reserved 1048576K
}
Event: 27.257 GC heap before
{Heap before GC invocations=18 (full 0):
 garbage-first heap   total 29696K, used 21974K [0x0000000084c00000, 0x0000000100000000)
  region size 1024K, 8 young (8192K), 1 survivors (1024K)
 Metaspace       used 43865K, committed 44224K, reserved 1089536K
  class space    used 4903K, committed 5056K, reserved 1048576K
}
Event: 27.259 GC heap after
{Heap after GC invocations=19 (full 0):
 garbage-first heap   total 29696K, used 16125K [0x0000000084c00000, 0x0000000100000000)
  region size 1024K, 1 young (1024K), 1 survivors (1024K)
 Metaspace       used 43865K, committed 44224K, reserved 1089536K
  class space    used 4903K, committed 5056K, reserved 1048576K
}
Event: 27.419 GC heap before
{Heap before GC invocations=19 (full 0):
 garbage-first heap   total 29696K, used 16125K [0x0000000084c00000, 0x0000000100000000)
  region size 1024K, 2 young (2048K), 1 survivors (1024K)
 Metaspace       used 44513K, committed 44864K, reserved 1089536K
  class space    used 4946K, committed 5120K, reserved 1048576K
}
Event: 27.423 GC heap after
{Heap after GC invocations=20 (full 0):
 garbage-first heap   total 29696K, used 15832K [0x0000000084c00000, 0x0000000100000000)
  region size 1024K, 1 young (1024K), 1 survivors (1024K)
 Metaspace       used 44513K, committed 44864K, reserved 1089536K
  class space    used 4946K, committed 5120K, reserved 1048576K
}
Event: 27.776 GC heap before
{Heap before GC invocations=20 (full 0):
 garbage-first heap   total 29696K, used 21976K [0x0000000084c00000, 0x0000000100000000)
  region size 1024K, 8 young (8192K), 1 survivors (1024K)
 Metaspace       used 45708K, committed 46016K, reserved 1097728K
  class space    used 5042K, committed 5184K, reserved 1048576K
}
Event: 27.778 GC heap after
{Heap after GC invocations=21 (full 0):
 garbage-first heap   total 29696K, used 16241K [0x0000000084c00000, 0x0000000100000000)
  region size 1024K, 1 young (1024K), 1 survivors (1024K)
 Metaspace       used 45708K, committed 46016K, reserved 1097728K
  class space    used 5042K, committed 5184K, reserved 1048576K
}
Event: 375.081 GC heap before
{Heap before GC invocations=22 (full 0):
 garbage-first heap   total 29696K, used 24433K [0x0000000084c00000, 0x0000000100000000)
  region size 1024K, 9 young (9216K), 1 survivors (1024K)
 Metaspace       used 46775K, committed 47104K, reserved 1097728K
  class space    used 5136K, committed 5312K, reserved 1048576K
}
Event: 375.114 GC heap after
{Heap after GC invocations=23 (full 0):
 garbage-first heap   total 29696K, used 16502K [0x0000000084c00000, 0x0000000100000000)
  region size 1024K, 2 young (2048K), 2 survivors (2048K)
 Metaspace       used 46775K, committed 47104K, reserved 1097728K
  class space    used 5136K, committed 5312K, reserved 1048576K
}

Deoptimization events (20 events):
Event: 27.974 Thread 0x00000249c6c1b970 DEOPT PACKING pc=0x00000249ac4f27ba sp=0x000000f6ec2fb3a0
Event: 27.974 Thread 0x00000249c6c1b970 DEOPT UNPACKING pc=0x00000249ab9b6763 sp=0x000000f6ec2fa818 mode 0
Event: 27.975 Thread 0x00000249c6c1b970 DEOPT PACKING pc=0x00000249ac4f27ba sp=0x000000f6ec2fb3a0
Event: 27.975 Thread 0x00000249c6c1b970 DEOPT UNPACKING pc=0x00000249ab9b6763 sp=0x000000f6ec2fa818 mode 0
Event: 373.653 Thread 0x00000249c6f558b0 Uncommon trap: trap_request=0xffffff45 fr.pc=0x00000249b3650b84 relative=0x0000000000000524
Event: 373.653 Thread 0x00000249c6f558b0 Uncommon trap: reason=unstable_if action=reinterpret pc=0x00000249b3650b84 method=org.springframework.boot.devtools.filewatch.FileSnapshot.equals(Ljava/lang/Object;)Z @ 71 c2
Event: 373.654 Thread 0x00000249c6f558b0 DEOPT PACKING pc=0x00000249b3650b84 sp=0x000000f6ebeff230
Event: 373.655 Thread 0x00000249c6f558b0 DEOPT UNPACKING pc=0x00000249ab9b5c23 sp=0x000000f6ebeff1f0 mode 2
Event: 374.792 Thread 0x00000249c6b85f90 Uncommon trap: trap_request=0xffffff45 fr.pc=0x00000249b346d8c8 relative=0x0000000000000048
Event: 374.792 Thread 0x00000249c6b85f90 Uncommon trap: reason=unstable_if action=reinterpret pc=0x00000249b346d8c8 method=java.net.URI.match(CJJ)Z @ 19 c2
Event: 374.792 Thread 0x00000249c6b85f90 DEOPT PACKING pc=0x00000249b346d8c8 sp=0x000000f6e9cfe5d0
Event: 374.792 Thread 0x00000249c6b85f90 DEOPT UNPACKING pc=0x00000249ab9b5c23 sp=0x000000f6e9cfe558 mode 2
Event: 375.061 Thread 0x00000249c6b85f90 Uncommon trap: trap_request=0xffffff45 fr.pc=0x00000249b35cc588 relative=0x0000000000000648
Event: 375.061 Thread 0x00000249c6b85f90 Uncommon trap: reason=unstable_if action=reinterpret pc=0x00000249b35cc588 method=java.lang.StringConcatHelper.stringOf(Ljava/lang/Object;)Ljava/lang/String; @ 1 c2
Event: 375.061 Thread 0x00000249c6b85f90 DEOPT PACKING pc=0x00000249b35cc588 sp=0x000000f6e9cfd620
Event: 375.061 Thread 0x00000249c6b85f90 DEOPT UNPACKING pc=0x00000249ab9b5c23 sp=0x000000f6e9cfd560 mode 2
Event: 375.076 Thread 0x00000249c6c17fb0 Uncommon trap: trap_request=0xffffff45 fr.pc=0x00000249b3651dc8 relative=0x0000000000000048
Event: 375.076 Thread 0x00000249c6c17fb0 Uncommon trap: reason=unstable_if action=reinterpret pc=0x00000249b3651dc8 method=java.lang.Thread.interrupted()Z @ 10 c2
Event: 375.076 Thread 0x00000249c6c17fb0 DEOPT PACKING pc=0x00000249b3651dc8 sp=0x000000f6ec5ff0a0
Event: 375.076 Thread 0x00000249c6c17fb0 DEOPT UNPACKING pc=0x00000249ab9b5c23 sp=0x000000f6ec5ff030 mode 2

Classes unloaded (0 events):
No events

Classes redefined (0 events):
No events

Internal exceptions (20 events):
Event: 4.923 Thread 0x00000249c37031a0 Exception <a 'java/lang/ClassNotFoundException'{0x000000008b1bb400}: org/springframework/boot/autoconfigure/web/servlet/WebMvcAutoConfiguration$EnableWebMvcConfigurationCustomizer> (0x000000008b1bb400) 
thrown [e:\jenkins\tmp\workspace\build\src\src\hotspot\share\classfile\systemDictionary.cpp, line 256]
Event: 4.924 Thread 0x00000249c37031a0 Exception <a 'java/lang/ClassNotFoundException'{0x000000008b1cdff8}: org/springframework/context/ResourceLoaderAwareCustomizer> (0x000000008b1cdff8) 
thrown [e:\jenkins\tmp\workspace\build\src\src\hotspot\share\classfile\systemDictionary.cpp, line 256]
Event: 4.925 Thread 0x00000249c37031a0 Exception <a 'java/lang/ClassNotFoundException'{0x000000008b1d2878}: org/springframework/beans/factory/AwareCustomizer> (0x000000008b1d2878) 
thrown [e:\jenkins\tmp\workspace\build\src\src\hotspot\share\classfile\systemDictionary.cpp, line 256]
Event: 4.925 Thread 0x00000249c37031a0 Exception <a 'java/lang/ClassNotFoundException'{0x000000008b1d64c8}: org/springframework/context/ApplicationContextAwareCustomizer> (0x000000008b1d64c8) 
thrown [e:\jenkins\tmp\workspace\build\src\src\hotspot\share\classfile\systemDictionary.cpp, line 256]
Event: 4.926 Thread 0x00000249c37031a0 Exception <a 'java/lang/ClassNotFoundException'{0x000000008b1db848}: org/springframework/beans/factory/AwareCustomizer> (0x000000008b1db848) 
thrown [e:\jenkins\tmp\workspace\build\src\src\hotspot\share\classfile\systemDictionary.cpp, line 256]
Event: 4.926 Thread 0x00000249c37031a0 Exception <a 'java/lang/ClassNotFoundException'{0x000000008b1df470}: org/springframework/web/context/ServletContextAwareCustomizer> (0x000000008b1df470) 
thrown [e:\jenkins\tmp\workspace\build\src\src\hotspot\share\classfile\systemDictionary.cpp, line 256]
Event: 4.926 Thread 0x00000249c37031a0 Exception <a 'java/lang/ClassNotFoundException'{0x000000008b1e4128}: org/springframework/beans/factory/AwareCustomizer> (0x000000008b1e4128) 
thrown [e:\jenkins\tmp\workspace\build\src\src\hotspot\share\classfile\systemDictionary.cpp, line 256]
Event: 5.152 Thread 0x00000249c37031a0 Exception <a 'java/lang/NoSuchMethodError'{0x000000008c7d8aa8}: 'void java.lang.invoke.DirectMethodHandle$Holder.invokeVirtual(java.lang.Object, java.lang.Object, int)'> (0x000000008c7d8aa8) 
thrown [e:\jenkins\tmp\workspace\build\src\src\hotspot\share\interpreter\linkResolver.cpp, line 766]
Event: 5.156 Thread 0x00000249c37031a0 Exception <a 'java/lang/NoSuchMethodError'{0x000000008c7f3700}: 'void java.lang.invoke.DirectMethodHandle$Holder.invokeVirtual(java.lang.Object, java.lang.Object, long)'> (0x000000008c7f3700) 
thrown [e:\jenkins\tmp\workspace\build\src\src\hotspot\share\interpreter\linkResolver.cpp, line 766]
Event: 5.373 Thread 0x00000249c37031a0 Exception <a 'java/lang/IncompatibleClassChangeError'{0x000000008619c6a0}: Found class java.lang.Object, but interface was expected> (0x000000008619c6a0) 
thrown [e:\jenkins\tmp\workspace\build\src\src\hotspot\share\interpreter\linkResolver.cpp, line 833]
Event: 5.438 Thread 0x00000249c37031a0 Exception <a 'java/lang/NoSuchMethodError'{0x0000000085ed73d8}: 'int java.lang.invoke.DirectMethodHandle$Holder.invokeStaticInit(java.lang.Object, java.lang.Object, java.lang.Object, java.lang.Object)'> (0x0000000085ed73d8) 
thrown [e:\jenkins\tmp\workspace\build\src\src\hotspot\share\interpreter\linkResolver.cpp, line 766]
Event: 5.543 Thread 0x00000249c37031a0 Exception <a 'java/lang/NoSuchMethodError'{0x000000008b1da648}: 'java.lang.Object java.lang.invoke.DirectMethodHandle$Holder.newInvokeSpecial(java.lang.Object, java.lang.Object, int, java.lang.Object, java.lang.Object)'> (0x000000008b1da648) 
thrown [e:\jenkins\tmp\workspace\build\src\src\hotspot\share\interpreter\linkResolver.cpp, line 766]
Event: 5.546 Thread 0x00000249c37031a0 Exception <a 'java/lang/NoSuchMethodError'{0x000000008b1e6118}: 'java.lang.Object java.lang.invoke.DirectMethodHandle$Holder.invokeSpecial(java.lang.Object, java.lang.Object, int, java.lang.Object, int, java.lang.Object)'> (0x000000008b1e6118) 
thrown [e:\jenkins\tmp\workspace\build\src\src\hotspot\share\interpreter\linkResolver.cpp, line 766]
Event: 5.547 Thread 0x00000249c37031a0 Exception <a 'java/lang/NoSuchMethodError'{0x000000008b1ee1c0}: 'java.lang.Object java.lang.invoke.DirectMethodHandle$Holder.newInvokeSpecial(java.lang.Object, java.lang.Object, int, java.lang.Object, int)'> (0x000000008b1ee1c0) 
thrown [e:\jenkins\tmp\workspace\build\src\src\hotspot\share\interpreter\linkResolver.cpp, line 766]
Event: 5.547 Thread 0x00000249c37031a0 Exception <a 'java/lang/NoSuchMethodError'{0x000000008b1f22c0}: 'java.lang.Object java.lang.invoke.DirectMethodHandle$Holder.invokeSpecial(java.lang.Object, java.lang.Object, java.lang.Object, int, java.lang.Object, int)'> (0x000000008b1f22c0) 
thrown [e:\jenkins\tmp\workspace\build\src\src\hotspot\share\interpreter\linkResolver.cpp, line 766]
Event: 5.550 Thread 0x00000249c37031a0 Exception <a 'java/lang/NoSuchMethodError'{0x000000008b1fbf58}: 'void java.lang.invoke.DirectMethodHandle$Holder.invokeVirtual(java.lang.Object, java.lang.Object)'> (0x000000008b1fbf58) 
thrown [e:\jenkins\tmp\workspace\build\src\src\hotspot\share\interpreter\linkResolver.cpp, line 766]
Event: 27.416 Thread 0x00000249c6c1b970 Exception <a 'java/lang/ArrayIndexOutOfBoundsException'{0x000000008c7d98a8}: Index 5072 out of bounds for length 5072> (0x000000008c7d98a8) 
thrown [e:\jenkins\tmp\workspace\build\src\src\hotspot\share\interpreter\interpreterRuntime.cpp, line 428]
Event: 375.060 Thread 0x00000249c6b85f90 Implicit null exception at 0x00000249b35cbf60 to 0x00000249b35cc570
Event: 375.117 Thread 0x00000249c6865ad0 Exception <a 'java/lang/InterruptedException'{0x000000008c71da38}: sleep interrupted> (0x000000008c71da38) 
thrown [e:\jenkins\tmp\workspace\build\src\src\hotspot\share\prims\jvm.cpp, line 3067]
Event: 375.148 Thread 0x00000249c6b85f90 Exception <a 'java/lang/NoSuchMethodError'{0x000000008c72fd30}: 'void java.lang.invoke.DirectMethodHandle$Holder.invokeInterface(java.lang.Object, java.lang.Object)'> (0x000000008c72fd30) 
thrown [e:\jenkins\tmp\workspace\build\src\src\hotspot\share\interpreter\linkResolver.cpp, line 766]

VM Operations (20 events):
Event: 201.668 Executing VM operation: Cleanup done
Event: 203.689 Executing VM operation: Cleanup
Event: 203.689 Executing VM operation: Cleanup done
Event: 210.773 Executing VM operation: Cleanup
Event: 210.773 Executing VM operation: Cleanup done
Event: 249.206 Executing VM operation: Cleanup
Event: 249.206 Executing VM operation: Cleanup done
Event: 305.788 Executing VM operation: Cleanup
Event: 305.788 Executing VM operation: Cleanup done
Event: 313.885 Executing VM operation: Cleanup
Event: 313.885 Executing VM operation: Cleanup done
Event: 314.897 Executing VM operation: Cleanup
Event: 314.897 Executing VM operation: Cleanup done
Event: 373.480 Executing VM operation: Cleanup
Event: 373.496 Executing VM operation: Cleanup done
Event: 374.511 Executing VM operation: Cleanup
Event: 374.526 Executing VM operation: Cleanup done
Event: 375.079 Executing VM operation: G1CollectForAllocation
Event: 375.114 Executing VM operation: G1CollectForAllocation done
Event: 375.165 Executing VM operation: G1CollectFull

Events (20 events):
Event: 375.067 loading class java/util/WeakHashMap$KeyIterator
Event: 375.068 loading class java/util/WeakHashMap$KeyIterator done
Event: 375.072 loading class java/util/concurrent/locks/AbstractQueuedSynchronizer$SharedNode
Event: 375.072 loading class java/util/concurrent/locks/AbstractQueuedSynchronizer$SharedNode done
Event: 375.075 Thread 0x00000249c6c197c0 Thread exited: 0x00000249c6c197c0
Event: 375.079 Thread 0x00000249c6c18480 Thread exited: 0x00000249c6c18480
Event: 375.079 Thread 0x00000249c6c19c90 Thread exited: 0x00000249c6c19c90
Event: 375.080 Thread 0x00000249c6c1afd0 Thread exited: 0x00000249c6c1afd0
Event: 375.080 Thread 0x00000249c6c17fb0 Thread exited: 0x00000249c6c17fb0
Event: 375.115 Thread 0x00000249c6c1b970 Thread exited: 0x00000249c6c1b970
Event: 375.115 Thread 0x00000249c6c1b4a0 Thread exited: 0x00000249c6c1b4a0
Event: 375.115 Thread 0x00000249c6c1a630 Thread exited: 0x00000249c6c1a630
Event: 375.115 Thread 0x00000249c6c18e20 Thread exited: 0x00000249c6c18e20
Event: 375.115 Thread 0x00000249c6c18950 Thread exited: 0x00000249c6c18950
Event: 375.116 Thread 0x00000249c6c192f0 Thread exited: 0x00000249c6c192f0
Event: 375.117 Thread 0x00000249c6865ad0 Thread exited: 0x00000249c6865ad0
Event: 375.117 loading class javax/management/ObjectName$PatternProperty
Event: 375.118 loading class javax/management/ObjectName$PatternProperty done
Event: 375.119 Thread 0x00000249c6865600 Thread exited: 0x00000249c6865600
Event: 375.120 Thread 0x00000249c68a08b0 Thread exited: 0x00000249c68a08b0


Dynamic libraries:
0x00007ff61cea0000 - 0x00007ff61ceae000 	C:\Users\parag\.p2\pool\plugins\org.eclipse.justj.openjdk.hotspot.jre.full.win32.x86_64_17.0.3.v20220515-1416\jre\bin\javaw.exe
0x00007ff962f10000 - 0x00007ff963108000 	C:\windows\SYSTEM32\ntdll.dll
0x00007ff961690000 - 0x00007ff96174d000 	C:\windows\System32\KERNEL32.DLL
0x00007ff9607f0000 - 0x00007ff960abe000 	C:\windows\System32\KERNELBASE.dll
0x00007ff960660000 - 0x00007ff960760000 	C:\windows\System32\ucrtbase.dll
0x00007ff943ae0000 - 0x00007ff943af9000 	C:\Users\parag\.p2\pool\plugins\org.eclipse.justj.openjdk.hotspot.jre.full.win32.x86_64_17.0.3.v20220515-1416\jre\bin\VCRUNTIME140.dll
0x00007ff92f580000 - 0x00007ff92f598000 	C:\Users\parag\.p2\pool\plugins\org.eclipse.justj.openjdk.hotspot.jre.full.win32.x86_64_17.0.3.v20220515-1416\jre\bin\jli.dll
0x00007ff962190000 - 0x00007ff962330000 	C:\windows\System32\USER32.dll
0x00007ff960630000 - 0x00007ff960652000 	C:\windows\System32\win32u.dll
0x00007ff962970000 - 0x00007ff96299a000 	C:\windows\System32\GDI32.dll
0x00007ff960d00000 - 0x00007ff960e0b000 	C:\windows\System32\gdi32full.dll
0x00007ff93d3f0000 - 0x00007ff93d68a000 	C:\windows\WinSxS\amd64_microsoft.windows.common-controls_6595b64144ccf1df_6.0.19041.1110_none_60b5254171f9507e\COMCTL32.dll
0x00007ff961750000 - 0x00007ff9617ee000 	C:\windows\System32\msvcrt.dll
0x00007ff960ac0000 - 0x00007ff960b5d000 	C:\windows\System32\msvcp_win.dll
0x00007ff961290000 - 0x00007ff9612c0000 	C:\windows\System32\IMM32.DLL
0x00007ff943b30000 - 0x00007ff943b3c000 	C:\Users\parag\.p2\pool\plugins\org.eclipse.justj.openjdk.hotspot.jre.full.win32.x86_64_17.0.3.v20220515-1416\jre\bin\vcruntime140_1.dll
0x00007ff8fe6f0000 - 0x00007ff8fe781000 	C:\Users\parag\.p2\pool\plugins\org.eclipse.justj.openjdk.hotspot.jre.full.win32.x86_64_17.0.3.v20220515-1416\jre\bin\msvcp140.dll
0x00007ff8bd500000 - 0x00007ff8be148000 	C:\Users\parag\.p2\pool\plugins\org.eclipse.justj.openjdk.hotspot.jre.full.win32.x86_64_17.0.3.v20220515-1416\jre\bin\server\jvm.dll
0x00007ff9615e0000 - 0x00007ff96168e000 	C:\windows\System32\ADVAPI32.dll
0x00007ff961090000 - 0x00007ff96112c000 	C:\windows\System32\sechost.dll
0x00007ff9612c0000 - 0x00007ff9613e5000 	C:\windows\System32\RPCRT4.dll
0x00007ff962960000 - 0x00007ff962968000 	C:\windows\System32\PSAPI.DLL
0x00007ff92d3b0000 - 0x00007ff92d3b9000 	C:\windows\SYSTEM32\WSOCK32.dll
0x00007ff9628f0000 - 0x00007ff96295b000 	C:\windows\System32\WS2_32.dll
0x00007ff9418a0000 - 0x00007ff9418c7000 	C:\windows\SYSTEM32\WINMM.dll
0x00007ff95e960000 - 0x00007ff95e96a000 	C:\windows\SYSTEM32\VERSION.dll
0x00007ff95ee70000 - 0x00007ff95ee82000 	C:\windows\SYSTEM32\kernel.appcore.dll
0x00007ff93c470000 - 0x00007ff93c47a000 	C:\Users\parag\.p2\pool\plugins\org.eclipse.justj.openjdk.hotspot.jre.full.win32.x86_64_17.0.3.v20220515-1416\jre\bin\jimage.dll
0x00007ff95e720000 - 0x00007ff95e904000 	C:\windows\SYSTEM32\DBGHELP.DLL
0x00007ff949020000 - 0x00007ff94904c000 	C:\windows\SYSTEM32\dbgcore.DLL
0x00007ff960760000 - 0x00007ff9607e2000 	C:\windows\System32\bcryptPrimitives.dll
0x00007ff92f460000 - 0x00007ff92f485000 	C:\Users\parag\.p2\pool\plugins\org.eclipse.justj.openjdk.hotspot.jre.full.win32.x86_64_17.0.3.v20220515-1416\jre\bin\java.dll
0x00007ff92e3d0000 - 0x00007ff92e3e8000 	C:\Users\parag\.p2\pool\plugins\org.eclipse.justj.openjdk.hotspot.jre.full.win32.x86_64_17.0.3.v20220515-1416\jre\bin\zip.dll
0x00007ff9617f0000 - 0x00007ff961f33000 	C:\windows\System32\SHELL32.dll
0x00007ff95df80000 - 0x00007ff95e715000 	C:\windows\SYSTEM32\windows.storage.dll
0x00007ff962b50000 - 0x00007ff962ea4000 	C:\windows\System32\combase.dll
0x00007ff95ffc0000 - 0x00007ff95fff0000 	C:\windows\SYSTEM32\Wldp.dll
0x00007ff961400000 - 0x00007ff9614ad000 	C:\windows\System32\SHCORE.dll
0x00007ff962800000 - 0x00007ff962855000 	C:\windows\System32\shlwapi.dll
0x00007ff960570000 - 0x00007ff96058f000 	C:\windows\SYSTEM32\profapi.dll
0x00007ff92e3b0000 - 0x00007ff92e3c9000 	C:\Users\parag\.p2\pool\plugins\org.eclipse.justj.openjdk.hotspot.jre.full.win32.x86_64_17.0.3.v20220515-1416\jre\bin\net.dll
0x00007ff94f9f0000 - 0x00007ff94fafa000 	C:\windows\SYSTEM32\WINHTTP.dll
0x00007ff95fce0000 - 0x00007ff95fd4a000 	C:\windows\system32\mswsock.dll
0x00007ff92e390000 - 0x00007ff92e3a5000 	C:\Users\parag\.p2\pool\plugins\org.eclipse.justj.openjdk.hotspot.jre.full.win32.x86_64_17.0.3.v20220515-1416\jre\bin\nio.dll
0x00007ff9338f0000 - 0x00007ff933900000 	C:\Users\parag\.p2\pool\plugins\org.eclipse.justj.openjdk.hotspot.jre.full.win32.x86_64_17.0.3.v20220515-1416\jre\bin\verify.dll
0x00007ff92e380000 - 0x00007ff92e389000 	C:\Users\parag\.p2\pool\plugins\org.eclipse.justj.openjdk.hotspot.jre.full.win32.x86_64_17.0.3.v20220515-1416\jre\bin\management.dll
0x00007ff923bd0000 - 0x00007ff923bdb000 	C:\Users\parag\.p2\pool\plugins\org.eclipse.justj.openjdk.hotspot.jre.full.win32.x86_64_17.0.3.v20220515-1416\jre\bin\management_ext.dll
0x00007ff948680000 - 0x00007ff948697000 	C:\windows\system32\napinsp.dll
0x00007ff948660000 - 0x00007ff94867b000 	C:\windows\system32\pnrpnsp.dll
0x00007ff94bd60000 - 0x00007ff94bd75000 	C:\windows\system32\wshbth.dll
0x00007ff959ec0000 - 0x00007ff959edd000 	C:\windows\system32\NLAapi.dll
0x00007ff95f9e0000 - 0x00007ff95fa1b000 	C:\windows\SYSTEM32\IPHLPAPI.DLL
0x00007ff95fa20000 - 0x00007ff95faea000 	C:\windows\SYSTEM32\DNSAPI.dll
0x00007ff9613f0000 - 0x00007ff9613f8000 	C:\windows\System32\NSI.dll
0x00007ff947c50000 - 0x00007ff947c62000 	C:\windows\System32\winrnr.dll
0x00007ff945f10000 - 0x00007ff945f1a000 	C:\Windows\System32\rasadhlp.dll
0x00007ff946020000 - 0x00007ff9460a0000 	C:\windows\System32\fwpuclnt.dll
0x00007ff960b60000 - 0x00007ff960b87000 	C:\windows\System32\bcrypt.dll
0x00007ff95fef0000 - 0x00007ff95ff08000 	C:\windows\SYSTEM32\CRYPTSP.dll
0x00007ff95f660000 - 0x00007ff95f694000 	C:\windows\system32\rsaenh.dll
0x00007ff960530000 - 0x00007ff96055e000 	C:\windows\SYSTEM32\USERENV.dll
0x00007ff95ff10000 - 0x00007ff95ff1c000 	C:\windows\SYSTEM32\CRYPTBASE.dll
0x00007ff9575e0000 - 0x00007ff9575f7000 	C:\windows\SYSTEM32\dhcpcsvc6.DLL
0x00007ff9590a0000 - 0x00007ff9590bd000 	C:\windows\SYSTEM32\dhcpcsvc.DLL
0x00007ff923bc0000 - 0x00007ff923bce000 	C:\Users\parag\.p2\pool\plugins\org.eclipse.justj.openjdk.hotspot.jre.full.win32.x86_64_17.0.3.v20220515-1416\jre\bin\sunmscapi.dll
0x00007ff960e10000 - 0x00007ff960f66000 	C:\windows\System32\CRYPT32.dll
0x00007ff960090000 - 0x00007ff9600b7000 	C:\windows\SYSTEM32\ncrypt.dll
0x00007ff960050000 - 0x00007ff96008b000 	C:\windows\SYSTEM32\NTASN1.dll
0x00007ff923bb0000 - 0x00007ff923bb7000 	C:\windows\system32\wshunix.dll

dbghelp: loaded successfully - version: 4.0.5 - missing functions: none
symbol engine: initialized successfully - sym options: 0x614 - pdb path: .;C:\Users\parag\.p2\pool\plugins\org.eclipse.justj.openjdk.hotspot.jre.full.win32.x86_64_17.0.3.v20220515-1416\jre\bin;C:\windows\SYSTEM32;C:\windows\WinSxS\amd64_microsoft.windows.common-controls_6595b64144ccf1df_6.0.19041.1110_none_60b5254171f9507e;C:\Users\parag\.p2\pool\plugins\org.eclipse.justj.openjdk.hotspot.jre.full.win32.x86_64_17.0.3.v20220515-1416\jre\bin\server

VM Arguments:
jvm_args: -Dfile.encoding=UTF-8 -XX:+ShowCodeDetailsInExceptionMessages 
java_command: com.example.demo.DemoApplication
java_class_path (initial): C:\Users\parag\eclipse-workspace\JavaDemo\target\classes;C:\Users\parag\.m2\repository\org\springframework\boot\spring-boot-devtools\2.7.4\spring-boot-devtools-2.7.4.jar;C:\Users\parag\.m2\repository\org\springframework\boot\spring-boot\2.7.4\spring-boot-2.7.4.jar;C:\Users\parag\.m2\repository\org\springframework\spring-context\5.3.23\spring-context-5.3.23.jar;C:\Users\parag\.m2\repository\org\springframework\boot\spring-boot-autoconfigure\2.7.4\spring-boot-autoconfigure-2.7.4.jar;C:\Users\parag\.m2\repository\org\apache\tomcat\embed\tomcat-embed-jasper\9.0.65\tomcat-embed-jasper-9.0.65.jar;C:\Users\parag\.m2\repository\org\apache\tomcat\embed\tomcat-embed-core\9.0.65\tomcat-embed-core-9.0.65.jar;C:\Users\parag\.m2\repository\org\apache\tomcat\tomcat-annotations-api\9.0.65\tomcat-annotations-api-9.0.65.jar;C:\Users\parag\.m2\repository\org\apache\tomcat\embed\tomcat-embed-el\9.0.65\tomcat-embed-el-9.0.65.jar;C:\Users\parag\.m2\repository\org\eclipse\jdt\ecj\3.18.0\ecj-3.18.0.jar;C:\Users\parag\.m2\repository\javax\servlet\jstl\1.2\jstl-1.2.jar;C:\Users\parag\.m2\repository\org\springframework\boot\spring-boot-starter-web\2.7.4\spring-boot-starter-web-2.7.4.jar;C:\Users\parag\.m2\repository\org\springframework\boot\spring-boot-starter\2.7.4\spring-boot-starter-2.7.4.jar;C:\Users\parag\.m2\repository\org\springframework\boot\spring-boot-starter-logging\2.7.4\spring-boot-starter-logging-2.7.4.jar;C:\Users\parag\.m2\repository\ch\qos\logback\logback-classic\1.2.11\logback-classic-1.2.11.jar;C:\Users\parag\.m2\repository\ch\qos\logback\logback-core\1.2.11\logback-core-1.2.11.jar;C:\Users\parag\.m2\repository\org\apache\logging\log4j\log4j-to-slf4j\2.17.2\log4j-to-slf4j-2.17.2.jar;C:\Users\parag\.m2\repository\org\apache\logging\log4j\log4j-api\2.17.2\log4j-api-2.17.2.jar;C:\Users\parag\.m2\repository\org\slf4j\jul-to-slf4j\1.7.36\jul-to-slf4j-1.7.36.jar;C:\Users\parag\.m2\repository\jakarta\annotation\jakarta.annotation-api\1.3.5\jakarta.anno
Launcher Type: SUN_STANDARD

[Global flags]
     intx CICompilerCount                          = 4                                         {product} {ergonomic}
     uint ConcGCThreads                            = 2                                         {product} {ergonomic}
     uint G1ConcRefinementThreads                  = 8                                         {product} {ergonomic}
   size_t G1HeapRegionSize                         = 1048576                                   {product} {ergonomic}
    uintx GCDrainStackTargetSize                   = 64                                        {product} {ergonomic}
   size_t InitialHeapSize                          = 130023424                                 {product} {ergonomic}
   size_t MarkStackSize                            = 4194304                                   {product} {ergonomic}
   size_t MaxHeapSize                              = 2067791872                                {product} {ergonomic}
   size_t MaxNewSize                               = 1240465408                                {product} {ergonomic}
   size_t MinHeapDeltaBytes                        = 1048576                                   {product} {ergonomic}
   size_t MinHeapSize                              = 8388608                                   {product} {ergonomic}
    uintx NonNMethodCodeHeapSize                   = 5839372                                {pd product} {ergonomic}
    uintx NonProfiledCodeHeapSize                  = 122909434                              {pd product} {ergonomic}
    uintx ProfiledCodeHeapSize                     = 122909434                              {pd product} {ergonomic}
    uintx ReservedCodeCacheSize                    = 251658240                              {pd product} {ergonomic}
     bool SegmentedCodeCache                       = true                                      {product} {ergonomic}
     bool ShowCodeDetailsInExceptionMessages       = true                                   {manageable} {command line}
   size_t SoftMaxHeapSize                          = 2067791872                             {manageable} {ergonomic}
     bool UseCompressedClassPointers               = true                           {product lp64_product} {ergonomic}
     bool UseCompressedOops                        = true                           {product lp64_product} {ergonomic}
     bool UseG1GC                                  = true                                      {product} {ergonomic}
     bool UseLargePagesIndividualAllocation        = false                                  {pd product} {ergonomic}

Logging:
Log output configuration:
 #0: stdout all=warning uptime,level,tags
 #1: stderr all=off uptime,level,tags

Environment Variables:
PATH=C:/Users/parag/.p2/pool/plugins/org.eclipse.justj.openjdk.hotspot.jre.full.win32.x86_64_17.0.4.v20220903-1038/jre/bin/server;C:/Users/parag/.p2/pool/plugins/org.eclipse.justj.openjdk.hotspot.jre.full.win32.x86_64_17.0.4.v20220903-1038/jre/bin;C:\windows\system32;C:\windows;C:\windows\System32\Wbem;C:\windows\System32\WindowsPowerShell\v1.0\;C:\windows\System32\OpenSSH\;C:\Program Files\Docker\Docker\resources\bin;C:\ProgramData\DockerDesktop\version-bin;C:\Users\parag\AppData\Local\Microsoft\WindowsApps;;C:\Users\parag\Desktop;
USERNAME=parag
OS=Windows_NT
PROCESSOR_IDENTIFIER=Intel64 Family 6 Model 126 Stepping 5, GenuineIntel



---------------  S Y S T E M  ---------------

OS:
 Windows 10 , 64 bit Build 19041 (10.0.19041.1889)
OS uptime: 4 days 19:33 hours
Hyper-V role detected

CPU: total 8 (initial active 8) (4 cores per cpu, 2 threads per core) family 6 model 126 stepping 5 microcode 0xa0, cx8, cmov, fxsr, ht, mmx, 3dnowpref, sse, sse2, sse3, ssse3, sse4.1, sse4.2, popcnt, lzcnt, tsc, tscinvbit, avx, avx2, aes, erms, clmul, bmi1, bmi2, adx, avx512f, avx512dq, avx512cd, avx512bw, avx512vl, sha, fma, vzeroupper, avx512_vpopcntdq, avx512_vpclmulqdq, avx512_vaes, avx512_vnni, clflush, clflushopt, avx512_vbmi2, avx512_vbmi, hv

Memory: 4k page, system-wide physical 7880M (223M free)
TotalPageFile size 32456M (AvailPageFile size 3M)
current process WorkingSet (physical memory assigned to process): 68M, peak: 161M
current process commit charge ("private bytes"): 177M, peak: 239M

vm_info: OpenJDK 64-Bit Server VM (17.0.3+7) for windows-amd64 JRE (17.0.3+7), built on Apr 19 2022 16:55:35 by "" with MS VC++ 16.7 (VS2019)

END.
